<?xml version="1.0" encoding="UTF-8"?>
<!-- Generated by org.testng.reporters.JUnitXMLReporter -->
<testsuite hostname="KSK" ignored="0" name="Test" tests="3" failures="0" timestamp="04 Jul 2020 11:29:10 GMT" time="164.181" errors="0">
  <testcase name="totalValidation" time="55.191" classname="practice.AppiumFramework.EcommerceTC4_update"/>
  <testcase name="apiDemoTest" time="53.57" classname="practice.AppiumFramework.ApiDemoTest"/>
  <testcase name="apiDemoTest" time="52.287" classname="practice.AppiumFramework.ApiDemoTest"/>
</testsuite> <!-- Test -->
