<?xml version="1.0" encoding="UTF-8"?>
<!-- Generated by org.testng.reporters.JUnitXMLReporter -->
<testsuite hostname="KSK" ignored="0" name="Test" tests="3" failures="0" timestamp="05 Jul 2020 09:06:48 GMT" time="133.303" errors="0">
  <testcase name="totalValidation" time="50.469" classname="practice.AppiumFramework.EcommerceTC4_update"/>
  <testcase name="apiDemoTest" time="40.473" classname="practice.AppiumFramework.ApiDemoTest"/>
  <testcase name="apiDemoTest" time="39.16" classname="practice.AppiumFramework.ApiDemoTest"/>
</testsuite> <!-- Test -->
