<?xml version="1.0" encoding="UTF-8"?>
<testsuite xmlns:xsi="http://www.w3.org/2001/XMLSchema-instance" xsi:noNamespaceSchemaLocation="https://maven.apache.org/surefire/maven-surefire-plugin/xsd/surefire-test-report-3.0.xsd" version="3.0" name="TestSuite" time="136.191" tests="3" errors="0" skipped="0" failures="0">
  <properties>
[...]
</properties>
  <testcase name="totalValidation" classname="practice.AppiumFramework.EcommerceTC4_update" time="50.461">
    <system-out><![CDATA[&amp#27;[35m[Appium]&amp#27;[39m Welcome to Appium v1.17.1
&amp#27;[35m[Appium]&amp#27;[39m Appium REST http interface listener started on 0.0.0.0:4723
&amp#27;[35m[HTTP]&amp#27;[39m &amp#27;[37m-->&amp#27;[39m &amp#27;[37mGET&amp#27;[39m &amp#27;[37m/wd/hub/status&amp#27;[39m
&amp#27;[35m[HTTP]&amp#27;[39m &amp#27;[90m{}&amp#27;[39m
[debug] &amp#27;[35m[GENERIC]&amp#27;[39m Calling AppiumDriver.getStatus() with args: []
[debug] &amp#27;[35m[GENERIC]&amp#27;[39m Responding to client with driver.getStatus() result: {"build":{"version":"1.17.1"}}
&amp#27;[35m[HTTP]&amp#27;[39m &amp#27;[37m<-- GC:\HybridFramework\AppiumFramework
ET /wd/hub/status &amp#27;[39m&amp#27;[32m200&amp#27;[39m &amp#27;[90m15 ms - 68&amp#27;[39m
&amp#27;[35m[HTTP]&amp#27;[39m &amp#27;[90m&amp#27;[39m
&amp#27;[35m[HTTP]&amp#27;[39m &amp#27;[37m-->&amp#27;[39m &amp#27;[37mPOST&amp#27;[39m &amp#27;[37m/wd/hub/session&amp#27;[39m
&amp#27;[35m[HTTP]&amp#27;[39m &amp#27;[90m{"desiredCapabilities":{"app":"C:\\HybridFramework\\AppiumFramework\\src\\General-Store.apk","newCommandTimeout":14,"automationName":"UiAutomator1","appium:chromeOptions":{"w3c":false},"platformName":"Android","deviceName":"vivo"},"capabilities":{"firstMatch":[{"appium:app":"C:\\HybridFramework\\AppiumFramework\\src\\General-Store.apk","appium:chromeOptions":{"w3c":false},"appium:automationName":"UiAutomator1","appium:deviceName":"vivo","appium:newCommandTimeout":14,"platformName":"android"}]}}&amp#27;[39m
[debug] &amp#27;[35m[W3C]&amp#27;[39m Calling AppiumDriver.createSession() with args: [{"app":"C:\\HybridFramework\\AppiumFramework\\src\\General-Store.apk","newCommandTimeout":14,"automationName":"UiAutomator1","appium:chromeOptions":{"w3c":false},"platformName":"Android","deviceName":"vivo"},null,{"firstMatch":[{"appium:app":"C:\\HybridFramework\\AppiumFramework\\src\\General-Store.apk","appium:chromeOptions":{"w3c":false},"appium:automationName":"UiAutomator1","appium:deviceName":"vivo","appium:newCommandTimeout":14,"platformName":"android"}]}]
[debug] &amp#27;[35m[BaseDriver]&amp#27;[39m Event 'newSessionRequested' logged at 1593939885742 (14:34:45 GMT+0530 (India Standard Time))
&amp#27;[35m[Appium]&amp#27;[39m Appium v1.17.1 creating new AndroidDriver (v4.26.1) session
[debug] &amp#27;[35m[BaseDriver]&amp#27;[39m W3C capabilities and MJSONWP desired capabilities were provided
[debug] &amp#27;[35m[BaseDriver]&amp#27;[39m Creating session with W3C capabilities: {
[debug] &amp#27;[35m[BaseDriver]&amp#27;[39m   "alwaysMatch": {
[debug] &amp#27;[35m[BaseDriver]&amp#27;[39m     "platformName": "android",
[debug] &amp#27;[35m[BaseDriver]&amp#27;[39m     "appium:app": "C:\\HybridFramework\\AppiumFramework\\src\\General-Store.apk",
[debug] &amp#27;[35m[BaseDriver]&amp#27;[39m     "appium:chromeOptions": {
[debug] &amp#27;[35m[BaseDriver]&amp#27;[39m       "w3c": false
[debug] &amp#27;[35m[BaseDriver]&amp#27;[39m     },
[debug] &amp#27;[35m[BaseDriver]&amp#27;[39m     "appium:automationName": "UiAutomator1",
[debug] &amp#27;[35m[BaseDriver]&amp#27;[39m     "appium:deviceName": "vivo",
[debug] &amp#27;[35m[BaseDriver]&amp#27;[39m     "appium:newCommandTimeout": 14
[debug] &amp#27;[35m[BaseDriver]&amp#27;[39m   },
[debug] &amp#27;[35m[BaseDriver]&amp#27;[39m   "firstMatch": [
[debug] &amp#27;[35m[BaseDriver]&amp#27;[39m     {}
[debug] &amp#27;[35m[BaseDriver]&amp#27;[39m   ]
[debug] &amp#27;[35m[BaseDriver]&amp#27;[39m }
&amp#27;[35m[BaseDriver]&amp#27;[39m Session created with session id: aadbc8c1-dede-41e0-b8c8-04f692aad0b1
&amp#27;[35m[ADB]&amp#27;[39m Found 3 'build-tools' folders under 'D:\Software\Android_sdk' (newest first):
&amp#27;[35m[ADB]&amp#27;[39m     D:/Software/Android_sdk/build-tools/29.0.3
&amp#27;[35m[ADB]&amp#27;[39m     D:/Software/Android_sdk/build-tools/29.0.2
&amp#27;[35m[ADB]&amp#27;[39m     D:/Software/Android_sdk/build-tools/28.0.3
&amp#27;[35m[ADB]&amp#27;[39m Using 'adb.exe' from 'D:\Software\Android_sdk\platform-tools\adb.exe'
&amp#27;[35m[AndroidDriver]&amp#27;[39m Retrieving device list
[debug] &amp#27;[35m[ADB]&amp#27;[39m Trying to find a connected android device
[debug] &amp#27;[35m[ADB]&amp#27;[39m Getting connected devices...
[debug] &amp#27;[35m[ADB]&amp#27;[39m Connected devices: [{"udid":"3200f0fdb4e8753b","state":"device"}]
&amp#27;[35m[AndroidDriver]&amp#27;[39m Using device: 3200f0fdb4e8753b
&amp#27;[35m[ADB]&amp#27;[39m Using 'adb.exe' from 'D:\Software\Android_sdk\platform-tools\adb.exe'
[debug] &amp#27;[35m[ADB]&amp#27;[39m Setting device id to 3200f0fdb4e8753b
[debug] &amp#27;[35m[ADB]&amp#27;[39m Running 'D:\Software\Android_sdk\platform-tools\adb.exe -P 5037 -s 3200f0fdb4e8753b shell getprop ro.build.version.sdk'
[debug] &amp#27;[35m[ADB]&amp#27;[39m Current device property 'ro.build.version.sdk': 29
&amp#27;[35m[ADB]&amp#27;[39m Getting device platform version
[debug] &amp#27;[35m[ADB]&amp#27;[39m Running 'D:\Software\Android_sdk\platform-tools\adb.exe -P 5037 -s 3200f0fdb4e8753b shell getprop ro.build.version.release'
[debug] &amp#27;[35m[ADB]&amp#27;[39m Current device property 'ro.build.version.release': 10
[debug] &amp#27;[35m[ADB]&amp#27;[39m Device API level: 29
&amp#27;[35m[AndroidDriver]&amp#27;[39m Consider setting 'automationName' capability to 'uiautomator2' on Android >= 6, since UIAutomator framework is not maintained anymore by the OS vendor.
&amp#27;[35m[BaseDriver]&amp#27;[39m Using local app 'C:\HybridFramework\AppiumFramework\src\General-Store.apk'
[debug] &amp#27;[35m[AndroidDriver]&amp#27;[39m Checking whether app is actually present
&amp#27;[35m[AndroidDriver]&amp#27;[39m Starting Android session
[debug] &amp#27;[35m[ADB]&amp#27;[39m Running 'D:\Software\Android_sdk\platform-tools\adb.exe -P 5037 -s 3200f0fdb4e8753b wait-for-device'
[debug] &amp#27;[35m[ADB]&amp#27;[39m Running 'D:\Software\Android_sdk\platform-tools\adb.exe -P 5037 -s 3200f0fdb4e8753b shell echo ping'
[debug] &amp#27;[35m[AndroidDriver]&amp#27;[39m Pushing settings apk to device...
[debug] &amp#27;[35m[ADB]&amp#27;[39m Getting install status for io.appium.settings
[debug] &amp#27;[35m[ADB]&amp#27;[39m Running 'D:\Software\Android_sdk\platform-tools\adb.exe -P 5037 -s 3200f0fdb4e8753b shell dumpsys package io.appium.settings'
[debug] &amp#27;[35m[ADB]&amp#27;[39m 'io.appium.settings' is installed
[debug] &amp#27;[35m[ADB]&amp#27;[39m Getting package info for 'io.appium.settings'
[debug] &amp#27;[35m[ADB]&amp#27;[39m Running 'D:\Software\Android_sdk\platform-tools\adb.exe -P 5037 -s 3200f0fdb4e8753b shell dumpsys package io.appium.settings'
[debug] &amp#27;[35m[ADB]&amp#27;[39m The version name of the installed 'io.appium.settings' is greater or equal to the application version name ('3.1.0' >= '3.1.0')
[debug] &amp#27;[35m[ADB]&amp#27;[39m There is no need to install/upgrade 'C:\Users\Sankarakarthikeyan\AppData\Roaming\npm\node_modules\appium\node_modules\io.appium.settings\apks\settings_apk-debug.apk'
[debug] &amp#27;[35m[ADB]&amp#27;[39m Getting IDs of all 'io.appium.settings' processes
[debug] &amp#27;[35m[ADB]&amp#27;[39m Running 'D:\Software\Android_sdk\platform-tools\adb.exe -P 5037 -s 3200f0fdb4e8753b shell 'pgrep --help; echo $?''
[debug] &amp#27;[35m[ADB]&amp#27;[39m Running 'D:\Software\Android_sdk\platform-tools\adb.exe -P 5037 -s 3200f0fdb4e8753b shell pgrep -f io\\.appium\\.settings'
[debug] &amp#27;[35m[AndroidDriver]&amp#27;[39m io.appium.settings is already running. There is no need to reset its permissions.
[debug] &amp#27;[35m[ADB]&amp#27;[39m Running 'D:\Software\Android_sdk\platform-tools\adb.exe -P 5037 -s 3200f0fdb4e8753b shell appops set io.appium.settings android\:mock_location allow'
[debug] &amp#27;[35m[Logcat]&amp#27;[39m Starting logcat capture
&amp#27;[35m[ADB]&amp#27;[39m Getting device platform version
[debug] &amp#27;[35m[ADB]&amp#27;[39m Running 'D:\Software\Android_sdk\platform-tools\adb.exe -P 5037 -s 3200f0fdb4e8753b shell getprop ro.build.version.release'
[debug] &amp#27;[35m[ADB]&amp#27;[39m Current device property 'ro.build.version.release': 10
[debug] &amp#27;[35m[ADB]&amp#27;[39m Running 'D:\Software\Android_sdk\platform-tools\adb.exe -P 5037 -s 3200f0fdb4e8753b shell wm size'
[debug] &amp#27;[35m[ADB]&amp#27;[39m Running 'D:\Software\Android_sdk\platform-tools\adb.exe -P 5037 -s 3200f0fdb4e8753b shell getprop ro.product.model'
[debug] &amp#27;[35m[ADB]&amp#27;[39m Current device property 'ro.product.model': SM-J600G
[debug] &amp#27;[35m[ADB]&amp#27;[39m Running 'D:\Software\Android_sdk\platform-tools\adb.exe -P 5037 -s 3200f0fdb4e8753b shell getprop ro.product.manufacturer'
[debug] &amp#27;[35m[ADB]&amp#27;[39m Current device property 'ro.product.manufacturer': samsung
[debug] &amp#27;[35m[AndroidDriver]&amp#27;[39m Parsing package and activity from app manifest
&amp#27;[35m[ADB]&amp#27;[39m Package name: 'com.androidsample.generalstore'
&amp#27;[35m[ADB]&amp#27;[39m Main activity name: 'com.androidsample.generalstore.SplashActivity'
[debug] &amp#27;[35m[AndroidDriver]&amp#27;[39m Parsed package and activity are: com.androidsample.generalstore/com.androidsample.generalstore.SplashActivity
[debug] &amp#27;[35m[ADB]&amp#27;[39m Getting install status for com.androidsample.generalstore
[debug] &amp#27;[35m[ADB]&amp#27;[39m Running 'D:\Software\Android_sdk\platform-tools\adb.exe -P 5037 -s 3200f0fdb4e8753b shell dumpsys package com.androidsample.generalstore'
[debug] &amp#27;[35m[ADB]&amp#27;[39m 'com.androidsample.generalstore' is installed
[debug] &amp#27;[35m[ADB]&amp#27;[39m Getting package info for 'com.androidsample.generalstore'
[debug] &amp#27;[35m[ADB]&amp#27;[39m Running 'D:\Software\Android_sdk\platform-tools\adb.exe -P 5037 -s 3200f0fdb4e8753b shell dumpsys package com.androidsample.generalstore'
[debug] &amp#27;[35m[ADB]&amp#27;[39m The version name of the installed 'com.androidsample.generalstore' is greater or equal to the application version name ('1.0.0' >= '1.0.0')
[debug] &amp#27;[35m[ADB]&amp#27;[39m There is no need to install/upgrade 'C:\HybridFramework\AppiumFramework\src\General-Store.apk'
&amp#27;[35m[AndroidDriver]&amp#27;[39m Performing fast reset on 'com.androidsample.generalstore'
[debug] &amp#27;[35m[ADB]&amp#27;[39m Getting install status for com.androidsample.generalstore
[debug] &amp#27;[35m[ADB]&amp#27;[39m Running 'D:\Software\Android_sdk\platform-tools\adb.exe -P 5037 -s 3200f0fdb4e8753b shell dumpsys package com.androidsample.generalstore'
[debug] &amp#27;[35m[ADB]&amp#27;[39m 'com.androidsample.generalstore' is installed
[debug] &amp#27;[35m[ADB]&amp#27;[39m Running 'D:\Software\Android_sdk\platform-tools\adb.exe -P 5037 -s 3200f0fdb4e8753b shell am force-stop com.androidsample.generalstore'
[debug] &amp#27;[35m[ADB]&amp#27;[39m Running 'D:\Software\Android_sdk\platform-tools\adb.exe -P 5037 -s 3200f0fdb4e8753b shell pm clear com.androidsample.generalstore'
[debug] &amp#27;[35m[AndroidDriver]&amp#27;[39m Performed fast reset on the installed 'com.androidsample.generalstore' application (stop and clear)
[debug] &amp#27;[35m[ADB]&amp#27;[39m Running 'D:\Software\Android_sdk\platform-tools\adb.exe -P 5037 -s 3200f0fdb4e8753b shell rm -rf /data/local/tmp/strings.json'
[debug] &amp#27;[35m[AndroidDriver]&amp#27;[39m Extracting strings from apk
[debug] &amp#27;[35m[AndroidDriver]&amp#27;[39m C:\HybridFramework\AppiumFramework\src\General-Store.apk
[debug] &amp#27;[35m[AndroidDriver]&amp#27;[39m null
[debug] &amp#27;[35m[AndroidDriver]&amp#27;[39m C:\Users\SANKAR~1\AppData\Local\Temp\com.androidsample.generalstore
[debug] &amp#27;[35m[ADB]&amp#27;[39m Extracting strings from for language: default
&amp#27;[35m[ADB]&amp#27;[39m Using 'aapt.exe' from 'D:\Software\Android_sdk\build-tools\29.0.3\aapt.exe'
&amp#27;[35m[ADB]&amp#27;[39m Successfully extracted 56 strings from 'C:\HybridFramework\AppiumFramework\src\General-Store.apk' resources for '(default)' configuration
[debug] &amp#27;[35m[ADB]&amp#27;[39m Running 'D:\Software\Android_sdk\platform-tools\adb.exe -P 5037 -s 3200f0fdb4e8753b shell mkdir -p /data/local'
[debug] &amp#27;[35m[ADB]&amp#27;[39m Running 'D:\Software\Android_sdk\platform-tools\adb.exe -P 5037 -s 3200f0fdb4e8753b push C:\\Users\\SANKAR~1\\AppData\\Local\\Temp\\com.androidsample.generalstore\\strings.json /data/local/tmp'
[debug] &amp#27;[35m[AndroidBootstrap]&amp#27;[39m Watching for bootstrap disconnect
[debug] &amp#27;[35m[ADB]&amp#27;[39m Forwarding system: 4724 to device: 4724
[debug] &amp#27;[35m[ADB]&amp#27;[39m Running 'D:\Software\Android_sdk\platform-tools\adb.exe -P 5037 -s 3200f0fdb4e8753b forward tcp\:4724 tcp\:4724'
[debug] &amp#27;[35m[UiAutomator]&amp#27;[39m Starting UiAutomator
[debug] &amp#27;[35m[UiAutomator]&amp#27;[39m Moving to state 'starting'
[debug] &amp#27;[35m[UiAutomator]&amp#27;[39m Parsing uiautomator jar
[debug] &amp#27;[35m[UiAutomator]&amp#27;[39m Found jar name: 'AppiumBootstrap.jar'
[debug] &amp#27;[35m[ADB]&amp#27;[39m Running 'D:\Software\Android_sdk\platform-tools\adb.exe -P 5037 -s 3200f0fdb4e8753b shell mkdir -p /data/local'
[debug] &amp#27;[35m[ADB]&amp#27;[39m Running 'D:\Software\Android_sdk\platform-tools\adb.exe -P 5037 -s 3200f0fdb4e8753b push C:\\Users\\Sankarakarthikeyan\\AppData\\Roaming\\npm\\node_modules\\appium\\node_modules\\appium-android-driver\\bootstrap\\bin\\AppiumBootstrap.jar /data/local/tmp/'
[debug] &amp#27;[35m[ADB]&amp#27;[39m Attempting to kill all uiautomator processes
[debug] &amp#27;[35m[ADB]&amp#27;[39m Getting IDs of all 'uiautomator' processes
[debug] &amp#27;[35m[ADB]&amp#27;[39m Running 'D:\Software\Android_sdk\platform-tools\adb.exe -P 5037 -s 3200f0fdb4e8753b shell pgrep -f uiautomator'
&amp#27;[35m[ADB]&amp#27;[39m No 'uiautomator' process has been found
[debug] &amp#27;[35m[UiAutomator]&amp#27;[39m Starting UIAutomator
[debug] &amp#27;[35m[ADB]&amp#27;[39m Creating ADB subprocess with args: ["-P",5037,"-s","3200f0fdb4e8753b","shell","uiautomator","runtest","AppiumBootstrap.jar","-c","io.appium.android.bootstrap.Bootstrap","-e","pkg","com.androidsample.generalstore","-e","disableAndroidWatchers",false,"-e","acceptSslCerts",false]
[debug] &amp#27;[35m[UiAutomator]&amp#27;[39m Moving to state 'online'
[debug] &amp#27;[35m[AndroidBootstrap]&amp#27;[39m [BOOTSTRAP LOG] [debug] Loading json...
[debug] &amp#27;[35m[AndroidBootstrap]&amp#27;[39m [BOOTSTRAP LOG] [debug] json loading complete.
[debug] &amp#27;[35m[AndroidBootstrap]&amp#27;[39m [BOOTSTRAP LOG] [debug] Registered crash watchers.
&amp#27;[35m[AndroidBootstrap]&amp#27;[39m Android bootstrap socket is now connected
[debug] &amp#27;[35m[ADB]&amp#27;[39m Running 'D:\Software\Android_sdk\platform-tools\adb.exe -P 5037 -s 3200f0fdb4e8753b shell dumpsys window'
[debug] &amp#27;[35m[AndroidBootstrap]&amp#27;[39m [BOOTSTRAP LOG] [debug] Client connected
&amp#27;[35m[AndroidDriver]&amp#27;[39m Screen already unlocked, doing nothing
[debug] &amp#27;[35m[ADB]&amp#27;[39m Running 'D:\Software\Android_sdk\platform-tools\adb.exe -P 5037 -s 3200f0fdb4e8753b shell am start -W -n com.androidsample.generalstore/com.androidsample.generalstore.SplashActivity -S -a android.intent.action.MAIN -c android.intent.category.LAUNCHER -f 0x10200000'
[debug] &amp#27;[35m[ADB]&amp#27;[39m Waiting up to 20000ms for activity matching pkg: 'com.androidsample.generalstore' and activity: 'com.androidsample.generalstore.SplashActivity' to be focused
[debug] &amp#27;[35m[ADB]&amp#27;[39m Possible activities, to be checked: 'com.androidsample.generalstore.SplashActivity', 'com.androidsample.generalstore.com.androidsample.generalstore.SplashActivity'
[debug] &amp#27;[35m[ADB]&amp#27;[39m Getting focused package and activity
[debug] &amp#27;[35m[ADB]&amp#27;[39m Running 'D:\Software\Android_sdk\platform-tools\adb.exe -P 5037 -s 3200f0fdb4e8753b shell dumpsys window displays'
[debug] &amp#27;[35m[ADB]&amp#27;[39m Found package: 'com.androidsample.generalstore' and fully qualified activity name : 'com.androidsample.generalstore.SplashActivity'
&amp#27;[35m[Appium]&amp#27;[39m New AndroidDriver session created successfully, session aadbc8c1-dede-41e0-b8c8-04f692aad0b1 added to master session list
[debug] &amp#27;[35m[BaseDriver]&amp#27;[39m Event 'newSessionStarted' logged at 1593939903866 (14:35:03 GMT+0530 (India Standard Time))
[debug] &amp#27;[35m[W3C (aadbc8c1)]&amp#27;[39m Cached the protocol value 'W3C' for the new session aadbc8c1-dede-41e0-b8c8-04f692aad0b1
[debug] &amp#27;[35m[W3C (aadbc8c1)]&amp#27;[39m Responding to client with driver.createSession() result: {"capabilities":{"platform":"LINUX","webStorageEnabled":false,"takesScreenshot":true,"javascriptEnabled":true,"databaseEnabled":false,"networkConnectionEnabled":true,"locationContextEnabled":false,"warnings":{},"desired":{"platformName":"android","app":"C:\\HybridFramework\\AppiumFramework\\src\\General-Store.apk","chromeOptions":{"w3c":false},"automationName":"UiAutomator1","deviceName":"vivo","newCommandTimeout":14},"platformName":"android","app":"C:\\HybridFramework\\AppiumFramework\\src\\General-Store.apk","chromeOptions":{"w3c":false},"automationName":"UiAutomator1","deviceName":"3200f0fdb4e8753b","newCommandTimeout":14,"deviceUDID":"3200f0fdb4e8753b","platformVersion":"10","deviceScreenSize":"720x1480","deviceModel":"SM-J600G","deviceManufacturer":"samsung","appPackage":"com.androidsample.generalstore","appWaitPackage":"com.androidsample.generalstore","appActivity":"com.androidsample.generalstore.SplashActivity","appWaitActivity":"com.androidsample.generalstore.SplashActivity"}}
&amp#27;[35m[HTTP]&amp#27;[39m &amp#27;[37m<-- POST /wd/hub/session &amp#27;[39m&amp#27;[32m200&amp#27;[39m &amp#27;[90m18131 ms - 1060&amp#27;[39m
&amp#27;[35m[HTTP]&amp#27;[39m &amp#27;[90m&amp#27;[39m
&amp#27;[35m[HTTP]&amp#27;[39m &amp#27;[37m-->&amp#27;[39m &amp#27;[37mPOST&amp#27;[39m &amp#27;[37m/wd/hub/session/aadbc8c1-dede-41e0-b8c8-04f692aad0b1/timeouts&amp#27;[39m
&amp#27;[35m[HTTP]&amp#27;[39m &amp#27;[90m{"implicit":10000}&amp#27;[39m
[debug] &amp#27;[35m[W3C (aadbc8c1)]&amp#27;[39m Calling AppiumDriver.timeouts() with args: [null,null,null,null,10000,"aadbc8c1-dede-41e0-b8c8-04f692aad0b1"]
[debug] &amp#27;[35m[BaseDriver]&amp#27;[39m W3C timeout argument: {"implicit":10000}}
[debug] &amp#27;[35m[BaseDriver]&amp#27;[39m Set implicit wait to 10000ms
[debug] &amp#27;[35m[W3C (aadbc8c1)]&amp#27;[39m Responding to client with driver.timeouts() result: null
&amp#27;[35m[HTTP]&amp#27;[39m &amp#27;[37m<-- POST /wd/hub/session/aadbc8c1-dede-41e0-b8c8-04f692aad0b1/timeouts &amp#27;[39m&amp#27;[32m200&amp#27;[39m &amp#27;[90m7 ms - 14&amp#27;[39m
&amp#27;[35m[HTTP]&amp#27;[39m &amp#27;[90m&amp#27;[39m
&amp#27;[35m[HTTP]&amp#27;[39m &amp#27;[37m-->&amp#27;[39m &amp#27;[37mPOST&amp#27;[39m &amp#27;[37m/wd/hub/session/aadbc8c1-dede-41e0-b8c8-04f692aad0b1/timeouts&amp#27;[39m
&amp#27;[35m[HTTP]&amp#27;[39m &amp#27;[90m{"implicit":10000}&amp#27;[39m
[debug] &amp#27;[35m[W3C (aadbc8c1)]&amp#27;[39m Calling AppiumDriver.timeouts() with args: [null,null,null,null,10000,"aadbc8c1-dede-41e0-b8c8-04f692aad0b1"]
[debug] &amp#27;[35m[BaseDriver]&amp#27;[39m W3C timeout argument: {"implicit":10000}}
[debug] &amp#27;[35m[BaseDriver]&amp#27;[39m Set implicit wait to 10000ms
[debug] &amp#27;[35m[W3C (aadbc8c1)]&amp#27;[39m Responding to client with driver.timeouts() result: null
&amp#27;[35m[HTTP]&amp#27;[39m &amp#27;[37m<-- POST /wd/hub/session/aadbc8c1-dede-41e0-b8c8-04f692aad0b1/timeouts &amp#27;[39m&amp#27;[32m200&amp#27;[39m &amp#27;[90m4 ms - 14&amp#27;[39m
&amp#27;[35m[HTTP]&amp#27;[39m &amp#27;[90m&amp#27;[39m
Trying to find the name field
&amp#27;[35m[HTTP]&amp#27;[39m &amp#27;[37m-->&amp#27;[39m &amp#27;[37mGET&amp#27;[39m &amp#27;[37m/wd/hub/session/aadbc8c1-dede-41e0-b8c8-04f692aad0b1/context&amp#27;[39m
&amp#27;[35m[HTTP]&amp#27;[39m &amp#27;[90m{}&amp#27;[39m
[debug] &amp#27;[35m[W3C (aadbc8c1)]&amp#27;[39m Calling AppiumDriver.getCurrentContext() with args: ["aadbc8c1-dede-41e0-b8c8-04f692aad0b1"]
[debug] &amp#27;[35m[W3C (aadbc8c1)]&amp#27;[39m Responding to client with driver.getCurrentContext() result: "NATIVE_APP"
&amp#27;[35m[HTTP]&amp#27;[39m &amp#27;[37m<-- GET /wd/hub/session/aadbc8c1-dede-41e0-b8c8-04f692aad0b1/context &amp#27;[39m&amp#27;[32m200&amp#27;[39m &amp#27;[90m16 ms - 22&amp#27;[39m
&amp#27;[35m[HTTP]&amp#27;[39m &amp#27;[90m&amp#27;[39m
&amp#27;[35m[HTTP]&amp#27;[39m &amp#27;[37m-->&amp#27;[39m &amp#27;[37mPOST&amp#27;[39m &amp#27;[37m/wd/hub/session/aadbc8c1-dede-41e0-b8c8-04f692aad0b1/element&amp#27;[39m
&amp#27;[35m[HTTP]&amp#27;[39m &amp#27;[90m{"using":"id","value":"com.androidsample.generalstore:id/nameField"}&amp#27;[39m
[debug] &amp#27;[35m[W3C (aadbc8c1)]&amp#27;[39m Calling AppiumDriver.findElement() with args: ["id","com.androidsample.generalstore:id/nameField","aadbc8c1-dede-41e0-b8c8-04f692aad0b1"]
[debug] &amp#27;[35m[BaseDriver]&amp#27;[39m Valid locator strategies for this request: xpath, id, class name, accessibility id, -android uiautomator
[debug] &amp#27;[35m[BaseDriver]&amp#27;[39m Waiting up to 10000 ms for condition
[debug] &amp#27;[35m[AndroidBootstrap]&amp#27;[39m Sending command to android: {"cmd":"action","action":"find","params":{"strategy":"id","selector":"com.androidsample.generalstore:id/nameField","context":"","multiple":false}}
[debug] &amp#27;[35m[AndroidBootstrap]&amp#27;[39m [BOOTSTRAP LOG] [debug] Got data from client: {"cmd":"action","action":"find","params":{"strategy":"id","selector":"com.androidsample.generalstore:id/nameField","context":"","multiple":false}}
[debug] &amp#27;[35m[AndroidBootstrap]&amp#27;[39m [BOOTSTRAP LOG] [debug] Got command of type ACTION
[debug] &amp#27;[35m[AndroidBootstrap]&amp#27;[39m [BOOTSTRAP LOG] [debug] Got command action: find
[debug] &amp#27;[35m[AndroidBootstrap]&amp#27;[39m [BOOTSTRAP LOG] [debug] Finding 'com.androidsample.generalstore:id/nameField' using 'ID' with the contextId: '' multiple: false
[debug] &amp#27;[35m[AndroidBootstrap]&amp#27;[39m [BOOTSTRAP LOG] [debug] Using: UiSelector[INSTANCE=0, RESOURCE_ID=com.androidsample.generalstore:id/nameField]
[debug] &amp#27;[35m[AndroidBootstrap]&amp#27;[39m [BOOTSTRAP LOG] [debug] Failed to locate element. Clearing Accessibility cache and retrying.
[debug] &amp#27;[35m[AndroidBootstrap]&amp#27;[39m [BOOTSTRAP LOG] [debug] Finding 'com.androidsample.generalstore:id/nameField' using 'ID' with the contextId: '' multiple: false
[debug] &amp#27;[35m[AndroidBootstrap]&amp#27;[39m [BOOTSTRAP LOG] [debug] Using: UiSelector[INSTANCE=0, RESOURCE_ID=com.androidsample.generalstore:id/nameField]
[debug] &amp#27;[35m[AndroidBootstrap]&amp#27;[39m [BOOTSTRAP LOG] [debug] Returning result: {"status":7,"value":"No element found"}
[debug] &amp#27;[35m[AndroidBootstrap]&amp#27;[39m Received command result from bootstrap
[debug] &amp#27;[35m[MJSONWP]&amp#27;[39m Matched JSONWP error code 7 to NoSuchElementError
[debug] &amp#27;[35m[BaseDriver]&amp#27;[39m Waited for 159 ms so far
[debug] &amp#27;[35m[AndroidBootstrap]&amp#27;[39m Sending command to android: {"cmd":"action","action":"find","params":{"strategy":"id","selector":"com.androidsample.generalstore:id/nameField","context":"","multiple":false}}
[debug] &amp#27;[35m[AndroidBootstrap]&amp#27;[39m [BOOTSTRAP LOG] [debug] Got data from client: {"cmd":"action","action":"find","params":{"strategy":"id","selector":"com.androidsample.generalstore:id/nameField","context":"","multiple":false}}
[debug] &amp#27;[35m[AndroidBootstrap]&amp#27;[39m [BOOTSTRAP LOG] [debug] Got command of type ACTION
[debug] &amp#27;[35m[AndroidBootstrap]&amp#27;[39m [BOOTSTRAP LOG] [debug] Got command action: find
[debug] &amp#27;[35m[AndroidBootstrap]&amp#27;[39m [BOOTSTRAP LOG] [debug] Finding 'com.androidsample.generalstore:id/nameField' using 'ID' with the contextId: '' multiple: false
[debug] &amp#27;[35m[AndroidBootstrap]&amp#27;[39m [BOOTSTRAP LOG] [debug] Using: UiSelector[INSTANCE=0, RESOURCE_ID=com.androidsample.generalstore:id/nameField]
[debug] &amp#27;[35m[AndroidBootstrap]&amp#27;[39m [BOOTSTRAP LOG] [debug] Failed to locate element. Clearing Accessibility cache and retrying.
[debug] &amp#27;[35m[AndroidBootstrap]&amp#27;[39m [BOOTSTRAP LOG] [debug] Finding 'com.androidsample.generalstore:id/nameField' using 'ID' with the contextId: '' multiple: false
[debug] &amp#27;[35m[AndroidBootstrap]&amp#27;[39m [BOOTSTRAP LOG] [debug] Using: UiSelector[INSTANCE=0, RESOURCE_ID=com.androidsample.generalstore:id/nameField]
[debug] &amp#27;[35m[AndroidBootstrap]&amp#27;[39m [BOOTSTRAP LOG] [debug] Returning result: {"status":7,"value":"No element found"}
[debug] &amp#27;[35m[AndroidBootstrap]&amp#27;[39m Received command result from bootstrap
[debug] &amp#27;[35m[MJSONWP]&amp#27;[39m Matched JSONWP error code 7 to NoSuchElementError
[debug] &amp#27;[35m[BaseDriver]&amp#27;[39m Waited for 700 ms so far
[debug] &amp#27;[35m[AndroidBootstrap]&amp#27;[39m Sending command to android: {"cmd":"action","action":"find","params":{"strategy":"id","selector":"com.androidsample.generalstore:id/nameField","context":"","multiple":false}}
[debug] &amp#27;[35m[AndroidBootstrap]&amp#27;[39m [BOOTSTRAP LOG] [debug] Got data from client: {"cmd":"action","action":"find","params":{"strategy":"id","selector":"com.androidsample.generalstore:id/nameField","context":"","multiple":false}}
[debug] &amp#27;[35m[AndroidBootstrap]&amp#27;[39m [BOOTSTRAP LOG] [debug] Got command of type ACTION
[debug] &amp#27;[35m[AndroidBootstrap]&amp#27;[39m [BOOTSTRAP LOG] [debug] Got command action: find
[debug] &amp#27;[35m[AndroidBootstrap]&amp#27;[39m [BOOTSTRAP LOG] [debug] Finding 'com.androidsample.generalstore:id/nameField' using 'ID' with the contextId: '' multiple: false
[debug] &amp#27;[35m[AndroidBootstrap]&amp#27;[39m [BOOTSTRAP LOG] [debug] Using: UiSelector[INSTANCE=0, RESOURCE_ID=com.androidsample.generalstore:id/nameField]
[debug] &amp#27;[35m[AndroidBootstrap]&amp#27;[39m [BOOTSTRAP LOG] [debug] Failed to locate element. Clearing Accessibility cache and retrying.
[debug] &amp#27;[35m[AndroidBootstrap]&amp#27;[39m [BOOTSTRAP LOG] [debug] Finding 'com.androidsample.generalstore:id/nameField' using 'ID' with the contextId: '' multiple: false
[debug] &amp#27;[35m[AndroidBootstrap]&amp#27;[39m [BOOTSTRAP LOG] [debug] Using: UiSelector[INSTANCE=0, RESOURCE_ID=com.androidsample.generalstore:id/nameField]
[debug] &amp#27;[35m[AndroidBootstrap]&amp#27;[39m [BOOTSTRAP LOG] [debug] Returning result: {"status":7,"value":"No element found"}
[debug] &amp#27;[35m[AndroidBootstrap]&amp#27;[39m Received command result from bootstrap
[debug] &amp#27;[35m[MJSONWP]&amp#27;[39m Matched JSONWP error code 7 to NoSuchElementError
[debug] &amp#27;[35m[BaseDriver]&amp#27;[39m Waited for 1247 ms so far
[debug] &amp#27;[35m[AndroidBootstrap]&amp#27;[39m Sending command to android: {"cmd":"action","action":"find","params":{"strategy":"id","selector":"com.androidsample.generalstore:id/nameField","context":"","multiple":false}}
[debug] &amp#27;[35m[AndroidBootstrap]&amp#27;[39m [BOOTSTRAP LOG] [debug] Got data from client: {"cmd":"action","action":"find","params":{"strategy":"id","selector":"com.androidsample.generalstore:id/nameField","context":"","multiple":false}}
[debug] &amp#27;[35m[AndroidBootstrap]&amp#27;[39m [BOOTSTRAP LOG] [debug] Got command of type ACTION
[debug] &amp#27;[35m[AndroidBootstrap]&amp#27;[39m [BOOTSTRAP LOG] [debug] Got command action: find
[debug] &amp#27;[35m[AndroidBootstrap]&amp#27;[39m [BOOTSTRAP LOG] [debug] Finding 'com.androidsample.generalstore:id/nameField' using 'ID' with the contextId: '' multiple: false
[debug] &amp#27;[35m[AndroidBootstrap]&amp#27;[39m [BOOTSTRAP LOG] [debug] Using: UiSelector[INSTANCE=0, RESOURCE_ID=com.androidsample.generalstore:id/nameField]
[debug] &amp#27;[35m[AndroidBootstrap]&amp#27;[39m [BOOTSTRAP LOG] [debug] Returning result: {"status":0,"value":{"ELEMENT":"1"}}
[debug] &amp#27;[35m[AndroidBootstrap]&amp#27;[39m Received command result from bootstrap
[debug] &amp#27;[35m[W3C (aadbc8c1)]&amp#27;[39m Responding to client with driver.findElement() result: {"element-6066-11e4-a52e-4f735466cecf":"1","ELEMENT":"1"}
&amp#27;[35m[HTTP]&amp#27;[39m &amp#27;[37m<-- POST /wd/hub/session/aadbc8c1-dede-41e0-b8c8-04f692aad0b1/element &amp#27;[39m&amp#27;[32m200&amp#27;[39m &amp#27;[90m2264 ms - 67&amp#27;[39m
&amp#27;[35m[HTTP]&amp#27;[39m &amp#27;[90m&amp#27;[39m
&amp#27;[35m[HTTP]&amp#27;[39m &amp#27;[37m-->&amp#27;[39m &amp#27;[37mPOST&amp#27;[39m &amp#27;[37m/wd/hub/session/aadbc8c1-dede-41e0-b8c8-04f692aad0b1/element/1/value&amp#27;[39m
&amp#27;[35m[HTTP]&amp#27;[39m &amp#27;[90m{"id":"1","text":"Hello","value":["H","e","l","l","o"]}&amp#27;[39m
[debug] &amp#27;[35m[W3C (aadbc8c1)]&amp#27;[39m Calling AppiumDriver.setValue() with args: [["H","e","l","l","o"],"1","aadbc8c1-dede-41e0-b8c8-04f692aad0b1"]
[debug] &amp#27;[35m[AndroidBootstrap]&amp#27;[39m Sending command to android: {"cmd":"action","action":"element:setText","params":{"elementId":"1","text":"Hello","replace":false}}
[debug] &amp#27;[35m[AndroidBootstrap]&amp#27;[39m [BOOTSTRAP LOG] [debug] Got data from client: {"cmd":"action","action":"element:setText","params":{"elementId":"1","text":"Hello","replace":false}}
[debug] &amp#27;[35m[AndroidBootstrap]&amp#27;[39m [BOOTSTRAP LOG] [debug] Got command of type ACTION
[debug] &amp#27;[35m[AndroidBootstrap]&amp#27;[39m [BOOTSTRAP LOG] [debug] Got command action: setText
[debug] &amp#27;[35m[AndroidBootstrap]&amp#27;[39m [BOOTSTRAP LOG] [debug] Using element passed in: 1
[debug] &amp#27;[35m[AndroidBootstrap]&amp#27;[39m [BOOTSTRAP LOG] [debug] Attempting to clear using UiObject.clearText().
[debug] &amp#27;[35m[AndroidBootstrap]&amp#27;[39m [BOOTSTRAP LOG] [debug] Text remains after clearing, but it appears to be hint text.
[debug] &amp#27;[35m[AndroidBootstrap]&amp#27;[39m [BOOTSTRAP LOG] [debug] Text not cleared. Assuming remainder is hint text.
[debug] &amp#27;[35m[AndroidBootstrap]&amp#27;[39m [BOOTSTRAP LOG] [debug] Sending plain text to element: Hello
[debug] &amp#27;[35m[AndroidBootstrap]&amp#27;[39m [BOOTSTRAP LOG] [debug] Returning result: {"status":0,"value":true}
[debug] &amp#27;[35m[AndroidBootstrap]&amp#27;[39m Received command result from bootstrap
[debug] &amp#27;[35m[W3C (aadbc8c1)]&amp#27;[39m Responding to client with driver.setValue() result: true
&amp#27;[35m[HTTP]&amp#27;[39m &amp#27;[37m<-- POST /wd/hub/session/aadbc8c1-dede-41e0-b8c8-04f692aad0b1/element/1/value &amp#27;[39m&amp#27;[32m200&amp#27;[39m &amp#27;[90m6595 ms - 14&amp#27;[39m
&amp#27;[35m[HTTP]&amp#27;[39m &amp#27;[90m&amp#27;[39m
&amp#27;[35m[HTTP]&amp#27;[39m &amp#27;[37m-->&amp#27;[39m &amp#27;[37mPOST&amp#27;[39m &amp#27;[37m/wd/hub/session/aadbc8c1-dede-41e0-b8c8-04f692aad0b1/appium/device/hide_keyboard&amp#27;[39m
&amp#27;[35m[HTTP]&amp#27;[39m &amp#27;[90m{}&amp#27;[39m
[debug] &amp#27;[35m[W3C (aadbc8c1)]&amp#27;[39m Calling AppiumDriver.hideKeyboard() with args: [null,null,null,null,"aadbc8c1-dede-41e0-b8c8-04f692aad0b1"]
[debug] &amp#27;[35m[ADB]&amp#27;[39m Running 'D:\Software\Android_sdk\platform-tools\adb.exe -P 5037 -s 3200f0fdb4e8753b shell dumpsys input_method'
&amp#27;[35m[AndroidDriver]&amp#27;[39m Keyboard has no UI; no closing necessary
[debug] &amp#27;[35m[W3C (aadbc8c1)]&amp#27;[39m Responding to client with driver.hideKeyboard() result: null
&amp#27;[35m[HTTP]&amp#27;[39m &amp#27;[37m<-- POST /wd/hub/session/aadbc8c1-dede-41e0-b8c8-04f692aad0b1/appium/device/hide_keyboard &amp#27;[39m&amp#27;[32m200&amp#27;[39m &amp#27;[90m404 ms - 14&amp#27;[39m
&amp#27;[35m[HTTP]&amp#27;[39m &amp#27;[90m&amp#27;[39m
&amp#27;[35m[HTTP]&amp#27;[39m &amp#27;[37m-->&amp#27;[39m &amp#27;[37mGET&amp#27;[39m &amp#27;[37m/wd/hub/session/aadbc8c1-dede-41e0-b8c8-04f692aad0b1/context&amp#27;[39m
&amp#27;[35m[HTTP]&amp#27;[39m &amp#27;[90m{}&amp#27;[39m
[debug] &amp#27;[35m[W3C (aadbc8c1)]&amp#27;[39m Calling AppiumDriver.getCurrentContext() with args: ["aadbc8c1-dede-41e0-b8c8-04f692aad0b1"]
[debug] &amp#27;[35m[W3C (aadbc8c1)]&amp#27;[39m Responding to client with driver.getCurrentContext() result: "NATIVE_APP"
&amp#27;[35m[HTTP]&amp#27;[39m &amp#27;[37m<-- GET /wd/hub/session/aadbc8c1-dede-41e0-b8c8-04f692aad0b1/context &amp#27;[39m&amp#27;[32m200&amp#27;[39m &amp#27;[90m3 ms - 22&amp#27;[39m
&amp#27;[35m[HTTP]&amp#27;[39m &amp#27;[90m&amp#27;[39m
&amp#27;[35m[HTTP]&amp#27;[39m &amp#27;[37m-->&amp#27;[39m &amp#27;[37mPOST&amp#27;[39m &amp#27;[37m/wd/hub/session/aadbc8c1-dede-41e0-b8c8-04f692aad0b1/element&amp#27;[39m
&amp#27;[35m[HTTP]&amp#27;[39m &amp#27;[90m{"using":"xpath","value":"//android.widget.RadioButton[@text='Female']"}&amp#27;[39m
[debug] &amp#27;[35m[W3C (aadbc8c1)]&amp#27;[39m Calling AppiumDriver.findElement() with args: ["xpath","//android.widget.RadioButton[@text='Female']","aadbc8c1-dede-41e0-b8c8-04f692aad0b1"]
[debug] &amp#27;[35m[BaseDriver]&amp#27;[39m Valid locator strategies for this request: xpath, id, class name, accessibility id, -android uiautomator
[debug] &amp#27;[35m[BaseDriver]&amp#27;[39m Waiting up to 10000 ms for condition
[debug] &amp#27;[35m[AndroidBootstrap]&amp#27;[39m Sending command to android: {"cmd":"action","action":"find","params":{"strategy":"xpath","selector":"//android.widget.RadioButton[@text='Female']","context":"","multiple":false}}
[debug] &amp#27;[35m[AndroidBootstrap]&amp#27;[39m [BOOTSTRAP LOG] [debug] Got data from client: {"cmd":"action","action":"find","params":{"strategy":"xpath","selector":"//android.widget.RadioButton[@text='Female']","context":"","multiple":false}}
[debug] &amp#27;[35m[AndroidBootstrap]&amp#27;[39m [BOOTSTRAP LOG] [debug] Got command of type ACTION
[debug] &amp#27;[35m[AndroidBootstrap]&amp#27;[39m [BOOTSTRAP LOG] [debug] Got command action: find
[debug] &amp#27;[35m[AndroidBootstrap]&amp#27;[39m [BOOTSTRAP LOG] [debug] Finding '//android.widget.RadioButton[@text='Female']' using 'XPATH' with the contextId: '' multiple: false
[debug] &amp#27;[35m[AndroidBootstrap]&amp#27;[39m [BOOTSTRAP LOG] [debug] Using: UiSelector[CLASS=android.widget.RadioButton, INSTANCE=1]
[debug] &amp#27;[35m[AndroidBootstrap]&amp#27;[39m [BOOTSTRAP LOG] [debug] Returning result: {"status":0,"value":{"ELEMENT":"2"}}
[debug] &amp#27;[35m[AndroidBootstrap]&amp#27;[39m Received command result from bootstrap
[debug] &amp#27;[35m[W3C (aadbc8c1)]&amp#27;[39m Responding to client with driver.findElement() result: {"element-6066-11e4-a52e-4f735466cecf":"2","ELEMENT":"2"}
&amp#27;[35m[HTTP]&amp#27;[39m &amp#27;[37m<-- POST /wd/hub/session/aadbc8c1-dede-41e0-b8c8-04f692aad0b1/element &amp#27;[39m&amp#27;[32m200&amp#27;[39m &amp#27;[90m182 ms - 67&amp#27;[39m
&amp#27;[35m[HTTP]&amp#27;[39m &amp#27;[90m&amp#27;[39m
&amp#27;[35m[HTTP]&amp#27;[39m &amp#27;[37m-->&amp#27;[39m &amp#27;[37mPOST&amp#27;[39m &amp#27;[37m/wd/hub/session/aadbc8c1-dede-41e0-b8c8-04f692aad0b1/element/2/click&amp#27;[39m
&amp#27;[35m[HTTP]&amp#27;[39m &amp#27;[90m{"id":"2"}&amp#27;[39m
[debug] &amp#27;[35m[W3C (aadbc8c1)]&amp#27;[39m Calling AppiumDriver.click() with args: ["2","aadbc8c1-dede-41e0-b8c8-04f692aad0b1"]
[debug] &amp#27;[35m[AndroidBootstrap]&amp#27;[39m Sending command to android: {"cmd":"action","action":"element:click","params":{"elementId":"2"}}
[debug] &amp#27;[35m[AndroidBootstrap]&amp#27;[39m [BOOTSTRAP LOG] [debug] Got data from client: {"cmd":"action","action":"element:click","params":{"elementId":"2"}}
[debug] &amp#27;[35m[AndroidBootstrap]&amp#27;[39m [BOOTSTRAP LOG] [debug] Got command of type ACTION
[debug] &amp#27;[35m[AndroidBootstrap]&amp#27;[39m [BOOTSTRAP LOG] [debug] Got command action: click
[debug] &amp#27;[35m[AndroidBootstrap]&amp#27;[39m [BOOTSTRAP LOG] [debug] Returning result: {"status":0,"value":true}
[debug] &amp#27;[35m[AndroidBootstrap]&amp#27;[39m Received command result from bootstrap
[debug] &amp#27;[35m[W3C (aadbc8c1)]&amp#27;[39m Responding to client with driver.click() result: true
&amp#27;[35m[HTTP]&amp#27;[39m &amp#27;[37m<-- POST /wd/hub/session/aadbc8c1-dede-41e0-b8c8-04f692aad0b1/element/2/click &amp#27;[39m&amp#27;[32m200&amp#27;[39m &amp#27;[90m220 ms - 14&amp#27;[39m
&amp#27;[35m[HTTP]&amp#27;[39m &amp#27;[90m&amp#27;[39m
Selecting the country from the dropdown
&amp#27;[35m[HTTP]&amp#27;[39m &amp#27;[37m-->&amp#27;[39m &amp#27;[37mGET&amp#27;[39m &amp#27;[37m/wd/hub/session/aadbc8c1-dede-41e0-b8c8-04f692aad0b1/context&amp#27;[39m
&amp#27;[35m[HTTP]&amp#27;[39m &amp#27;[90m{}&amp#27;[39m
[debug] &amp#27;[35m[W3C (aadbc8c1)]&amp#27;[39m Calling AppiumDriver.getCurrentContext() with args: ["aadbc8c1-dede-41e0-b8c8-04f692aad0b1"]
[debug] &amp#27;[35m[W3C (aadbc8c1)]&amp#27;[39m Responding to client with driver.getCurrentContext() result: "NATIVE_APP"
&amp#27;[35m[HTTP]&amp#27;[39m &amp#27;[37m<-- GET /wd/hub/session/aadbc8c1-dede-41e0-b8c8-04f692aad0b1/context &amp#27;[39m&amp#27;[32m200&amp#27;[39m &amp#27;[90m4 ms - 22&amp#27;[39m
&amp#27;[35m[HTTP]&amp#27;[39m &amp#27;[90m&amp#27;[39m
&amp#27;[35m[HTTP]&amp#27;[39m &amp#27;[37m-->&amp#27;[39m &amp#27;[37mPOST&amp#27;[39m &amp#27;[37m/wd/hub/session/aadbc8c1-dede-41e0-b8c8-04f692aad0b1/element&amp#27;[39m
&amp#27;[35m[HTTP]&amp#27;[39m &amp#27;[90m{"using":"id","value":"android:id/text1"}&amp#27;[39m
[debug] &amp#27;[35m[W3C (aadbc8c1)]&amp#27;[39m Calling AppiumDriver.findElement() with args: ["id","android:id/text1","aadbc8c1-dede-41e0-b8c8-04f692aad0b1"]
[debug] &amp#27;[35m[BaseDriver]&amp#27;[39m Valid locator strategies for this request: xpath, id, class name, accessibility id, -android uiautomator
[debug] &amp#27;[35m[BaseDriver]&amp#27;[39m Waiting up to 10000 ms for condition
[debug] &amp#27;[35m[AndroidBootstrap]&amp#27;[39m Sending command to android: {"cmd":"action","action":"find","params":{"strategy":"id","selector":"android:id/text1","context":"","multiple":false}}
[debug] &amp#27;[35m[AndroidBootstrap]&amp#27;[39m [BOOTSTRAP LOG] [debug] Got data from client: {"cmd":"action","action":"find","params":{"strategy":"id","selector":"android:id/text1","context":"","multiple":false}}
[debug] &amp#27;[35m[AndroidBootstrap]&amp#27;[39m [BOOTSTRAP LOG] [debug] Got command of type ACTION
[debug] &amp#27;[35m[AndroidBootstrap]&amp#27;[39m [BOOTSTRAP LOG] [debug] Got command action: find
[debug] &amp#27;[35m[AndroidBootstrap]&amp#27;[39m [BOOTSTRAP LOG] [debug] Finding 'android:id/text1' using 'ID' with the contextId: '' multiple: false
[debug] &amp#27;[35m[AndroidBootstrap]&amp#27;[39m [BOOTSTRAP LOG] [debug] Using: UiSelector[INSTANCE=0, RESOURCE_ID=android:id/text1]
[debug] &amp#27;[35m[AndroidBootstrap]&amp#27;[39m Received command result from bootstrap
[debug] &amp#27;[35m[W3C (aadbc8c1)]&amp#27;[39m Responding to client with driver.findElement() result: {"element-6066-11e4-a52e-4f735466cecf":"3","ELEMENT":"3"}
&amp#27;[35m[HTTP]&amp#27;[39m &amp#27;[37m<-- POST /wd/hub/session/aadbc8c1-dede-41e0-b8c8-04f692aad0b1/element &amp#27;[39m&amp#27;[32m200&amp#27;[39m &amp#27;[90m463 ms - 67&amp#27;[39m
&amp#27;[35m[HTTP]&amp#27;[39m &amp#27;[90m&amp#27;[39m
&amp#27;[35m[HTTP]&amp#27;[39m &amp#27;[37m-->&amp#27;[39m &amp#27;[37mPOST&amp#27;[39m &amp#27;[37m/wd/hub/session/aadbc8c1-dede-41e0-b8c8-04f692aad0b1/element/3/click&amp#27;[39m
&amp#27;[35m[HTTP]&amp#27;[39m &amp#27;[90m{"id":"3"}&amp#27;[39m
[debug] &amp#27;[35m[W3C (aadbc8c1)]&amp#27;[39m Calling AppiumDriver.click() with args: ["3","aadbc8c1-dede-41e0-b8c8-04f692aad0b1"]
[debug] &amp#27;[35m[AndroidBootstrap]&amp#27;[39m Sending command to android: {"cmd":"action","action":"element:click","params":{"elementId":"3"}}
[debug] &amp#27;[35m[AndroidBootstrap]&amp#27;[39m [BOOTSTRAP LOG] [debug] Returning result: {"status":0,"value":{"ELEMENT":"3"}}
[debug] &amp#27;[35m[AndroidBootstrap]&amp#27;[39m [BOOTSTRAP LOG] [debug] Got data from client: {"cmd":"action","action":"element:click","params":{"elementId":"3"}}
[debug] &amp#27;[35m[AndroidBootstrap]&amp#27;[39m [BOOTSTRAP LOG] [debug] Got command of type ACTION
[debug] &amp#27;[35m[AndroidBootstrap]&amp#27;[39m [BOOTSTRAP LOG] [debug] Got command action: click
[debug] &amp#27;[35m[AndroidBootstrap]&amp#27;[39m Received command result from bootstrap
[debug] &amp#27;[35m[W3C (aadbc8c1)]&amp#27;[39m Responding to client with driver.click() result: true
&amp#27;[35m[HTTP]&amp#27;[39m &amp#27;[37m<-- POST /wd/hub/session/aadbc8c1-dede-41e0-b8c8-04f692aad0b1/element/3/click &amp#27;[39m&amp#27;[32m200&amp#27;[39m &amp#27;[90m417 ms - 14&amp#27;[39m
&amp#27;[35m[HTTP]&amp#27;[39m &amp#27;[90m&amp#27;[39m
[debug] &amp#27;[35m[AndroidBootstrap]&amp#27;[39m [BOOTSTRAP LOG] [debug] Returning result: {"status":0,"value":true}
&amp#27;[35m[HTTP]&amp#27;[39m &amp#27;[37m-->&amp#27;[39m &amp#27;[37mPOST&amp#27;[39m &amp#27;[37m/wd/hub/session/aadbc8c1-dede-41e0-b8c8-04f692aad0b1/element&amp#27;[39m
&amp#27;[35m[HTTP]&amp#27;[39m &amp#27;[90m{"using":"-android uiautomator","value":"new UiScrollable(new UiSelector()).scrollIntoView(text(\"Argentina\"));"}&amp#27;[39m
[debug] &amp#27;[35m[W3C (aadbc8c1)]&amp#27;[39m Calling AppiumDriver.findElement() with args: ["-android uiautomator","new UiScrollable(new UiSelector()).scrollIntoView(text(\"Argentina\"));","aadbc8c1-dede-41e0-b8c8-04f692aad0b1"]
[debug] &amp#27;[35m[BaseDriver]&amp#27;[39m Valid locator strategies for this request: xpath, id, class name, accessibility id, -android uiautomator
[debug] &amp#27;[35m[BaseDriver]&amp#27;[39m Waiting up to 10000 ms for condition
[debug] &amp#27;[35m[AndroidBootstrap]&amp#27;[39m Sending command to android: {"cmd":"action","action":"find","params":{"strategy":"-android uiautomator","selector":"new UiScrollable(new UiSelector()).scrollIntoView(text(\"Argentina\"));","context":"","multiple":false}}
[debug] &amp#27;[35m[AndroidBootstrap]&amp#27;[39m [BOOTSTRAP LOG] [debug] Got data from client: {"cmd":"action","action":"find","params":{"strategy":"-android uiautomator","selector":"new UiScrollable(new UiSelector()).scrollIntoView(text(\"Argentina\"));","context":"","multiple":false}}
[debug] &amp#27;[35m[AndroidBootstrap]&amp#27;[39m [BOOTSTRAP LOG] [debug] Got command of type ACTION
[debug] &amp#27;[35m[AndroidBootstrap]&amp#27;[39m [BOOTSTRAP LOG] [debug] Got command action: find
[debug] &amp#27;[35m[AndroidBootstrap]&amp#27;[39m [BOOTSTRAP LOG] [debug] Finding 'new UiScrollable(new UiSelector()).scrollIntoView(text("Argentina"));' using 'ANDROID_UIAUTOMATOR' with the contextId: '' multiple: false
[debug] &amp#27;[35m[AndroidBootstrap]&amp#27;[39m [BOOTSTRAP LOG] [debug] Parsing scrollable: new UiScrollable(new UiSelector()).scrollIntoView(text("Argentina"))
[debug] &amp#27;[35m[AndroidBootstrap]&amp#27;[39m [BOOTSTRAP LOG] [debug] UiScrollable invoking method: public boolean com.android.uiautomator.core.UiScrollable.scrollIntoView(com.android.uiautomator.core.UiObject) throws com.android.uiautomator.core.UiObjectNotFoundException args: text("Argentina"),
[debug] &amp#27;[35m[AndroidBootstrap]&amp#27;[39m [BOOTSTRAP LOG] [debug] UiScrollable coerce type: class com.android.uiautomator.core.UiObject arg: text("Argentina")
[debug] &amp#27;[35m[AndroidBootstrap]&amp#27;[39m [BOOTSTRAP LOG] [debug] UiSelector coerce type: class java.lang.String arg: "Argentina"
[debug] &amp#27;[35m[AndroidBootstrap]&amp#27;[39m [BOOTSTRAP LOG] [debug] Method name: scrollIntoView
[debug] &amp#27;[35m[AndroidBootstrap]&amp#27;[39m [BOOTSTRAP LOG] [debug] Setting uiObject for scrollIntoView
[debug] &amp#27;[35m[AndroidBootstrap]&amp#27;[39m [BOOTSTRAP LOG] [debug] Invoking method: public boolean com.android.uiautomator.core.UiScrollable.scrollIntoView(com.android.uiautomator.core.UiObject) throws com.android.uiautomator.core.UiObjectNotFoundException with: com.android.uiautomator.core.UiObject@c39ddd2
[debug] &amp#27;[35m[AndroidBootstrap]&amp#27;[39m [BOOTSTRAP LOG] [debug] Invoke complete.
[debug] &amp#27;[35m[AndroidBootstrap]&amp#27;[39m [BOOTSTRAP LOG] [debug] Using: UiSelector[TEXT=Argentina]
[debug] &amp#27;[35m[AndroidBootstrap]&amp#27;[39m Received command result from bootstrap
[debug] &amp#27;[35m[AndroidBootstrap]&amp#27;[39m [BOOTSTRAP LOG] [debug] Returning result: {"status":0,"value":{"ELEMENT":"4"}}
[debug] &amp#27;[35m[W3C (aadbc8c1)]&amp#27;[39m Responding to client with driver.findElement() result: {"element-6066-11e4-a52e-4f735466cecf":"4","ELEMENT":"4"}
&amp#27;[35m[HTTP]&amp#27;[39m &amp#27;[37m<-- POST /wd/hub/session/aadbc8c1-dede-41e0-b8c8-04f692aad0b1/element &amp#27;[39m&amp#27;[32m200&amp#27;[39m &amp#27;[90m4036 ms - 67&amp#27;[39m
&amp#27;[35m[HTTP]&amp#27;[39m &amp#27;[90m&amp#27;[39m
&amp#27;[35m[HTTP]&amp#27;[39m &amp#27;[37m-->&amp#27;[39m &amp#27;[37mPOST&amp#27;[39m &amp#27;[37m/wd/hub/session/aadbc8c1-dede-41e0-b8c8-04f692aad0b1/element&amp#27;[39m
&amp#27;[35m[HTTP]&amp#27;[39m &amp#27;[90m{"using":"xpath","value":"//*[@text='Argentina']"}&amp#27;[39m
[debug] &amp#27;[35m[W3C (aadbc8c1)]&amp#27;[39m Calling AppiumDriver.findElement() with args: ["xpath","//*[@text='Argentina']","aadbc8c1-dede-41e0-b8c8-04f692aad0b1"]
[debug] &amp#27;[35m[BaseDriver]&amp#27;[39m Valid locator strategies for this request: xpath, id, class name, accessibility id, -android uiautomator
[debug] &amp#27;[35m[BaseDriver]&amp#27;[39m Waiting up to 10000 ms for condition
[debug] &amp#27;[35m[AndroidBootstrap]&amp#27;[39m Sending command to android: {"cmd":"action","action":"find","params":{"strategy":"xpath","selector":"//*[@text='Argentina']","context":"","multiple":false}}
[debug] &amp#27;[35m[AndroidBootstrap]&amp#27;[39m [BOOTSTRAP LOG] [debug] Got data from client: {"cmd":"action","action":"find","params":{"strategy":"xpath","selector":"//*[@text='Argentina']","context":"","multiple":false}}
[debug] &amp#27;[35m[AndroidBootstrap]&amp#27;[39m [BOOTSTRAP LOG] [debug] Got command of type ACTION
[debug] &amp#27;[35m[AndroidBootstrap]&amp#27;[39m [BOOTSTRAP LOG] [debug] Got command action: find
[debug] &amp#27;[35m[AndroidBootstrap]&amp#27;[39m [BOOTSTRAP LOG] [debug] Finding '//*[@text='Argentina']' using 'XPATH' with the contextId: '' multiple: false
[debug] &amp#27;[35m[AndroidBootstrap]&amp#27;[39m [BOOTSTRAP LOG] [debug] Using: UiSelector[CLASS=android.widget.TextView, INSTANCE=3]
[debug] &amp#27;[35m[AndroidBootstrap]&amp#27;[39m Received command result from bootstrap
[debug] &amp#27;[35m[AndroidBootstrap]&amp#27;[39m [BOOTSTRAP LOG] [debug] Returning result: {"status":0,"value":{"ELEMENT":"5"}}
[debug] &amp#27;[35m[W3C (aadbc8c1)]&amp#27;[39m Responding to client with driver.findElement() result: {"element-6066-11e4-a52e-4f735466cecf":"5","ELEMENT":"5"}
&amp#27;[35m[HTTP]&amp#27;[39m &amp#27;[37m<-- POST /wd/hub/session/aadbc8c1-dede-41e0-b8c8-04f692aad0b1/element &amp#27;[39m&amp#27;[32m200&amp#27;[39m &amp#27;[90m96 ms - 67&amp#27;[39m
&amp#27;[35m[HTTP]&amp#27;[39m &amp#27;[90m&amp#27;[39m
&amp#27;[35m[HTTP]&amp#27;[39m &amp#27;[37m-->&amp#27;[39m &amp#27;[37mPOST&amp#27;[39m &amp#27;[37m/wd/hub/session/aadbc8c1-dede-41e0-b8c8-04f692aad0b1/element/5/click&amp#27;[39m
&amp#27;[35m[HTTP]&amp#27;[39m &amp#27;[90m{"id":"5"}&amp#27;[39m
[debug] &amp#27;[35m[W3C (aadbc8c1)]&amp#27;[39m Calling AppiumDriver.click() with args: ["5","aadbc8c1-dede-41e0-b8c8-04f692aad0b1"]
[debug] &amp#27;[35m[AndroidBootstrap]&amp#27;[39m Sending command to android: {"cmd":"action","action":"element:click","params":{"elementId":"5"}}
[debug] &amp#27;[35m[AndroidBootstrap]&amp#27;[39m [BOOTSTRAP LOG] [debug] Got data from client: {"cmd":"action","action":"element:click","params":{"elementId":"5"}}
[debug] &amp#27;[35m[AndroidBootstrap]&amp#27;[39m [BOOTSTRAP LOG] [debug] Got command of type ACTION
[debug] &amp#27;[35m[AndroidBootstrap]&amp#27;[39m [BOOTSTRAP LOG] [debug] Got command action: click
[debug] &amp#27;[35m[AndroidBootstrap]&amp#27;[39m Received command result from bootstrap
[debug] &amp#27;[35m[AndroidBootstrap]&amp#27;[39m [BOOTSTRAP LOG] [debug] Returning result: {"status":0,"value":true}
[debug] &amp#27;[35m[W3C (aadbc8c1)]&amp#27;[39m Responding to client with driver.click() result: true
&amp#27;[35m[HTTP]&amp#27;[39m &amp#27;[37m<-- POST /wd/hub/session/aadbc8c1-dede-41e0-b8c8-04f692aad0b1/element/5/click &amp#27;[39m&amp#27;[32m200&amp#27;[39m &amp#27;[90m163 ms - 14&amp#27;[39m
&amp#27;[35m[HTTP]&amp#27;[39m &amp#27;[90m&amp#27;[39m
&amp#27;[35m[HTTP]&amp#27;[39m &amp#27;[37m-->&amp#27;[39m &amp#27;[37mGET&amp#27;[39m &amp#27;[37m/wd/hub/session/aadbc8c1-dede-41e0-b8c8-04f692aad0b1/context&amp#27;[39m
&amp#27;[35m[HTTP]&amp#27;[39m &amp#27;[90m{}&amp#27;[39m
[debug] &amp#27;[35m[W3C (aadbc8c1)]&amp#27;[39m Calling AppiumDriver.getCurrentContext() with args: ["aadbc8c1-dede-41e0-b8c8-04f692aad0b1"]
[debug] &amp#27;[35m[W3C (aadbc8c1)]&amp#27;[39m Responding to client with driver.getCurrentContext() result: "NATIVE_APP"
&amp#27;[35m[HTTP]&amp#27;[39m &amp#27;[37m<-- GET /wd/hub/session/aadbc8c1-dede-41e0-b8c8-04f692aad0b1/context &amp#27;[39m&amp#27;[32m200&amp#27;[39m &amp#27;[90m3 ms - 22&amp#27;[39m
&amp#27;[35m[HTTP]&amp#27;[39m &amp#27;[90m&amp#27;[39m
&amp#27;[35m[HTTP]&amp#27;[39m &amp#27;[37m-->&amp#27;[39m &amp#27;[37mPOST&amp#27;[39m &amp#27;[37m/wd/hub/session/aadbc8c1-dede-41e0-b8c8-04f692aad0b1/element&amp#27;[39m
&amp#27;[35m[HTTP]&amp#27;[39m &amp#27;[90m{"using":"id","value":"com.androidsample.generalstore:id/btnLetsShop"}&amp#27;[39m
[debug] &amp#27;[35m[W3C (aadbc8c1)]&amp#27;[39m Calling AppiumDriver.findElement() with args: ["id","com.androidsample.generalstore:id/btnLetsShop","aadbc8c1-dede-41e0-b8c8-04f692aad0b1"]
[debug] &amp#27;[35m[BaseDriver]&amp#27;[39m Valid locator strategies for this request: xpath, id, class name, accessibility id, -android uiautomator
[debug] &amp#27;[35m[BaseDriver]&amp#27;[39m Waiting up to 10000 ms for condition
[debug] &amp#27;[35m[AndroidBootstrap]&amp#27;[39m Sending command to android: {"cmd":"action","action":"find","params":{"strategy":"id","selector":"com.androidsample.generalstore:id/btnLetsShop","context":"","multiple":false}}
[debug] &amp#27;[35m[AndroidBootstrap]&amp#27;[39m [BOOTSTRAP LOG] [debug] Got data from client: {"cmd":"action","action":"find","params":{"strategy":"id","selector":"com.androidsample.generalstore:id/btnLetsShop","context":"","multiple":false}}
[debug] &amp#27;[35m[AndroidBootstrap]&amp#27;[39m [BOOTSTRAP LOG] [debug] Got command of type ACTION
[debug] &amp#27;[35m[AndroidBootstrap]&amp#27;[39m [BOOTSTRAP LOG] [debug] Got command action: find
[debug] &amp#27;[35m[AndroidBootstrap]&amp#27;[39m [BOOTSTRAP LOG] [debug] Finding 'com.androidsample.generalstore:id/btnLetsShop' using 'ID' with the contextId: '' multiple: false
[debug] &amp#27;[35m[AndroidBootstrap]&amp#27;[39m [BOOTSTRAP LOG] [debug] Using: UiSelector[INSTANCE=0, RESOURCE_ID=com.androidsample.generalstore:id/btnLetsShop]
[debug] &amp#27;[35m[AndroidBootstrap]&amp#27;[39m [BOOTSTRAP LOG] [debug] Returning result: {"status":0,"value":{"ELEMENT":"6"}}
[debug] &amp#27;[35m[AndroidBootstrap]&amp#27;[39m Received command result from bootstrap
[debug] &amp#27;[35m[W3C (aadbc8c1)]&amp#27;[39m Responding to client with driver.findElement() result: {"element-6066-11e4-a52e-4f735466cecf":"6","ELEMENT":"6"}
&amp#27;[35m[HTTP]&amp#27;[39m &amp#27;[37m<-- POST /wd/hub/session/aadbc8c1-dede-41e0-b8c8-04f692aad0b1/element &amp#27;[39m&amp#27;[32m200&amp#27;[39m &amp#27;[90m592 ms - 67&amp#27;[39m
&amp#27;[35m[HTTP]&amp#27;[39m &amp#27;[90m&amp#27;[39m
&amp#27;[35m[HTTP]&amp#27;[39m &amp#27;[37m-->&amp#27;[39m &amp#27;[37mPOST&amp#27;[39m &amp#27;[37m/wd/hub/session/aadbc8c1-dede-41e0-b8c8-04f692aad0b1/element/6/click&amp#27;[39m
&amp#27;[35m[HTTP]&amp#27;[39m &amp#27;[90m{"id":"6"}&amp#27;[39m
[debug] &amp#27;[35m[W3C (aadbc8c1)]&amp#27;[39m Calling AppiumDriver.click() with args: ["6","aadbc8c1-dede-41e0-b8c8-04f692aad0b1"]
[debug] &amp#27;[35m[AndroidBootstrap]&amp#27;[39m Sending command to android: {"cmd":"action","action":"element:click","params":{"elementId":"6"}}
[debug] &amp#27;[35m[AndroidBootstrap]&amp#27;[39m [BOOTSTRAP LOG] [debug] Got data from client: {"cmd":"action","action":"element:click","params":{"elementId":"6"}}
[debug] &amp#27;[35m[AndroidBootstrap]&amp#27;[39m [BOOTSTRAP LOG] [debug] Got command of type ACTION
[debug] &amp#27;[35m[AndroidBootstrap]&amp#27;[39m [BOOTSTRAP LOG] [debug] Got command action: click
[debug] &amp#27;[35m[AndroidBootstrap]&amp#27;[39m Received command result from bootstrap
[debug] &amp#27;[35m[AndroidBootstrap]&amp#27;[39m [BOOTSTRAP LOG] [debug] Returning result: {"status":0,"value":true}
[debug] &amp#27;[35m[W3C (aadbc8c1)]&amp#27;[39m Responding to client with driver.click() result: true
&amp#27;[35m[HTTP]&amp#27;[39m &amp#27;[37m<-- POST /wd/hub/session/aadbc8c1-dede-41e0-b8c8-04f692aad0b1/element/6/click &amp#27;[39m&amp#27;[32m200&amp#27;[39m &amp#27;[90m697 ms - 14&amp#27;[39m
&amp#27;[35m[HTTP]&amp#27;[39m &amp#27;[90m&amp#27;[39m
&amp#27;[35m[HTTP]&amp#27;[39m &amp#27;[37m-->&amp#27;[39m &amp#27;[37mGET&amp#27;[39m &amp#27;[37m/wd/hub/session/aadbc8c1-dede-41e0-b8c8-04f692aad0b1/context&amp#27;[39m
&amp#27;[35m[HTTP]&amp#27;[39m &amp#27;[90m{}&amp#27;[39m
[debug] &amp#27;[35m[W3C (aadbc8c1)]&amp#27;[39m Calling AppiumDriver.getCurrentContext() with args: ["aadbc8c1-dede-41e0-b8c8-04f692aad0b1"]
[debug] &amp#27;[35m[W3C (aadbc8c1)]&amp#27;[39m Responding to client with driver.getCurrentContext() result: "NATIVE_APP"
&amp#27;[35m[HTTP]&amp#27;[39m &amp#27;[37m<-- GET /wd/hub/session/aadbc8c1-dede-41e0-b8c8-04f692aad0b1/context &amp#27;[39m&amp#27;[32m200&amp#27;[39m &amp#27;[90m2 ms - 22&amp#27;[39m
&amp#27;[35m[HTTP]&amp#27;[39m &amp#27;[90m&amp#27;[39m
&amp#27;[35m[HTTP]&amp#27;[39m &amp#27;[37m-->&amp#27;[39m &amp#27;[37mPOST&amp#27;[39m &amp#27;[37m/wd/hub/session/aadbc8c1-dede-41e0-b8c8-04f692aad0b1/elements&amp#27;[39m
&amp#27;[35m[HTTP]&amp#27;[39m &amp#27;[90m{"using":"xpath","value":"//*[@text='ADD TO CART']"}&amp#27;[39m
[debug] &amp#27;[35m[W3C (aadbc8c1)]&amp#27;[39m Calling AppiumDriver.findElements() with args: ["xpath","//*[@text='ADD TO CART']","aadbc8c1-dede-41e0-b8c8-04f692aad0b1"]
[debug] &amp#27;[35m[BaseDriver]&amp#27;[39m Valid locator strategies for this request: xpath, id, class name, accessibility id, -android uiautomator
[debug] &amp#27;[35m[BaseDriver]&amp#27;[39m Waiting up to 10000 ms for condition
[debug] &amp#27;[35m[AndroidBootstrap]&amp#27;[39m Sending command to android: {"cmd":"action","action":"find","params":{"strategy":"xpath","selector":"//*[@text='ADD TO CART']","context":"","multiple":true}}
[debug] &amp#27;[35m[AndroidBootstrap]&amp#27;[39m [BOOTSTRAP LOG] [debug] Got data from client: {"cmd":"action","action":"find","params":{"strategy":"xpath","selector":"//*[@text='ADD TO CART']","context":"","multiple":true}}
[debug] &amp#27;[35m[AndroidBootstrap]&amp#27;[39m [BOOTSTRAP LOG] [debug] Got command of type ACTION
[debug] &amp#27;[35m[AndroidBootstrap]&amp#27;[39m [BOOTSTRAP LOG] [debug] Got command action: find
[debug] &amp#27;[35m[AndroidBootstrap]&amp#27;[39m [BOOTSTRAP LOG] [debug] Finding '//*[@text='ADD TO CART']' using 'XPATH' with the contextId: '' multiple: true
[debug] &amp#27;[35m[AndroidBootstrap]&amp#27;[39m [BOOTSTRAP LOG] [debug] Using: UiSelector[CLASS=android.widget.TextView, INSTANCE=3]
[debug] &amp#27;[35m[AndroidBootstrap]&amp#27;[39m [BOOTSTRAP LOG] [debug] getElements selector:UiSelector[CLASS=android.widget.TextView, INSTANCE=3]
[debug] &amp#27;[35m[AndroidBootstrap]&amp#27;[39m [BOOTSTRAP LOG] [debug] Selector ends with instance.
[debug] &amp#27;[35m[AndroidBootstrap]&amp#27;[39m [BOOTSTRAP LOG] [debug] Using: UiSelector[CLASS=android.widget.TextView, INSTANCE=6]
[debug] &amp#27;[35m[AndroidBootstrap]&amp#27;[39m [BOOTSTRAP LOG] [debug] getElements selector:UiSelector[CLASS=android.widget.TextView, INSTANCE=6]
[debug] &amp#27;[35m[AndroidBootstrap]&amp#27;[39m [BOOTSTRAP LOG] [debug] Selector ends with instance.
[debug] &amp#27;[35m[AndroidBootstrap]&amp#27;[39m [BOOTSTRAP LOG] [debug] Returning result: {"status":0,"value":[{"ELEMENT":"7"},{"ELEMENT":"8"}]}
[debug] &amp#27;[35m[AndroidBootstrap]&amp#27;[39m Received command result from bootstrap
[debug] &amp#27;[35m[W3C (aadbc8c1)]&amp#27;[39m Responding to client with driver.findElements() result: [{"element-6066-11e4-a52e-4f735466cecf":"7","ELEMENT":"7"},{"element-6066-11e4-a52e-4f735466cecf":"8","ELEMENT":"8"}]
&amp#27;[35m[HTTP]&amp#27;[39m &amp#27;[37m<-- POST /wd/hub/session/aadbc8c1-dede-41e0-b8c8-04f692aad0b1/elements &amp#27;[39m&amp#27;[32m200&amp#27;[39m &amp#27;[90m465 ms - 127&amp#27;[39m
&amp#27;[35m[HTTP]&amp#27;[39m &amp#27;[90m&amp#27;[39m
&amp#27;[35m[HTTP]&amp#27;[39m &amp#27;[37m-->&amp#27;[39m &amp#27;[37mPOST&amp#27;[39m &amp#27;[37m/wd/hub/session/aadbc8c1-dede-41e0-b8c8-04f692aad0b1/element/7/click&amp#27;[39m
&amp#27;[35m[HTTP]&amp#27;[39m &amp#27;[90m{"id":"7"}&amp#27;[39m
[debug] &amp#27;[35m[W3C (aadbc8c1)]&amp#27;[39m Calling AppiumDriver.click() with args: ["7","aadbc8c1-dede-41e0-b8c8-04f692aad0b1"]
[debug] &amp#27;[35m[AndroidBootstrap]&amp#27;[39m Sending command to android: {"cmd":"action","action":"element:click","params":{"elementId":"7"}}
[debug] &amp#27;[35m[AndroidBootstrap]&amp#27;[39m [BOOTSTRAP LOG] [debug] Got data from client: {"cmd":"action","action":"element:click","params":{"elementId":"7"}}
[debug] &amp#27;[35m[AndroidBootstrap]&amp#27;[39m [BOOTSTRAP LOG] [debug] Got command of type ACTION
[debug] &amp#27;[35m[AndroidBootstrap]&amp#27;[39m [BOOTSTRAP LOG] [debug] Got command action: click
[debug] &amp#27;[35m[AndroidBootstrap]&amp#27;[39m [BOOTSTRAP LOG] [debug] Returning result: {"status":0,"value":true}
[debug] &amp#27;[35m[AndroidBootstrap]&amp#27;[39m Received command result from bootstrap
[debug] &amp#27;[35m[W3C (aadbc8c1)]&amp#27;[39m Responding to client with driver.click() result: true
&amp#27;[35m[HTTP]&amp#27;[39m &amp#27;[37m<-- POST /wd/hub/session/aadbc8c1-dede-41e0-b8c8-04f692aad0b1/element/7/click &amp#27;[39m&amp#27;[32m200&amp#27;[39m &amp#27;[90m179 ms - 14&amp#27;[39m
&amp#27;[35m[HTTP]&amp#27;[39m &amp#27;[90m&amp#27;[39m
&amp#27;[35m[HTTP]&amp#27;[39m &amp#27;[37m-->&amp#27;[39m &amp#27;[37mGET&amp#27;[39m &amp#27;[37m/wd/hub/session/aadbc8c1-dede-41e0-b8c8-04f692aad0b1/context&amp#27;[39m
&amp#27;[35m[HTTP]&amp#27;[39m &amp#27;[90m{}&amp#27;[39m
[debug] &amp#27;[35m[W3C (aadbc8c1)]&amp#27;[39m Calling AppiumDriver.getCurrentContext() with args: ["aadbc8c1-dede-41e0-b8c8-04f692aad0b1"]
[debug] &amp#27;[35m[W3C (aadbc8c1)]&amp#27;[39m Responding to client with driver.getCurrentContext() result: "NATIVE_APP"
&amp#27;[35m[HTTP]&amp#27;[39m &amp#27;[37m<-- GET /wd/hub/session/aadbc8c1-dede-41e0-b8c8-04f692aad0b1/context &amp#27;[39m&amp#27;[32m200&amp#27;[39m &amp#27;[90m3 ms - 22&amp#27;[39m
&amp#27;[35m[HTTP]&amp#27;[39m &amp#27;[90m&amp#27;[39m
&amp#27;[35m[HTTP]&amp#27;[39m &amp#27;[37m-->&amp#27;[39m &amp#27;[37mPOST&amp#27;[39m &amp#27;[37m/wd/hub/session/aadbc8c1-dede-41e0-b8c8-04f692aad0b1/elements&amp#27;[39m
&amp#27;[35m[HTTP]&amp#27;[39m &amp#27;[90m{"using":"xpath","value":"//*[@text='ADD TO CART']"}&amp#27;[39m
[debug] &amp#27;[35m[W3C (aadbc8c1)]&amp#27;[39m Calling AppiumDriver.findElements() with args: ["xpath","//*[@text='ADD TO CART']","aadbc8c1-dede-41e0-b8c8-04f692aad0b1"]
[debug] &amp#27;[35m[BaseDriver]&amp#27;[39m Valid locator strategies for this request: xpath, id, class name, accessibility id, -android uiautomator
[debug] &amp#27;[35m[BaseDriver]&amp#27;[39m Waiting up to 10000 ms for condition
[debug] &amp#27;[35m[AndroidBootstrap]&amp#27;[39m Sending command to android: {"cmd":"action","action":"find","params":{"strategy":"xpath","selector":"//*[@text='ADD TO CART']","context":"","multiple":true}}
[debug] &amp#27;[35m[AndroidBootstrap]&amp#27;[39m [BOOTSTRAP LOG] [debug] Got data from client: {"cmd":"action","action":"find","params":{"strategy":"xpath","selector":"//*[@text='ADD TO CART']","context":"","multiple":true}}
[debug] &amp#27;[35m[AndroidBootstrap]&amp#27;[39m [BOOTSTRAP LOG] [debug] Got command of type ACTION
[debug] &amp#27;[35m[AndroidBootstrap]&amp#27;[39m [BOOTSTRAP LOG] [debug] Got command action: find
[debug] &amp#27;[35m[AndroidBootstrap]&amp#27;[39m [BOOTSTRAP LOG] [debug] Finding '//*[@text='ADD TO CART']' using 'XPATH' with the contextId: '' multiple: true
[debug] &amp#27;[35m[AndroidBootstrap]&amp#27;[39m [BOOTSTRAP LOG] [debug] Using: UiSelector[CLASS=android.widget.TextView, INSTANCE=7]
[debug] &amp#27;[35m[AndroidBootstrap]&amp#27;[39m [BOOTSTRAP LOG] [debug] getElements selector:UiSelector[CLASS=android.widget.TextView, INSTANCE=7]
[debug] &amp#27;[35m[AndroidBootstrap]&amp#27;[39m [BOOTSTRAP LOG] [debug] Selector ends with instance.
[debug] &amp#27;[35m[AndroidBootstrap]&amp#27;[39m [BOOTSTRAP LOG] [debug] Returning result: {"status":0,"value":[{"ELEMENT":"9"}]}
[debug] &amp#27;[35m[AndroidBootstrap]&amp#27;[39m Received command result from bootstrap
[debug] &amp#27;[35m[W3C (aadbc8c1)]&amp#27;[39m Responding to client with driver.findElements() result: [{"element-6066-11e4-a52e-4f735466cecf":"9","ELEMENT":"9"}]
&amp#27;[35m[HTTP]&amp#27;[39m &amp#27;[37m<-- POST /wd/hub/session/aadbc8c1-dede-41e0-b8c8-04f692aad0b1/elements &amp#27;[39m&amp#27;[32m200&amp#27;[39m &amp#27;[90m490 ms - 69&amp#27;[39m
&amp#27;[35m[HTTP]&amp#27;[39m &amp#27;[90m&amp#27;[39m
&amp#27;[35m[HTTP]&amp#27;[39m &amp#27;[37m-->&amp#27;[39m &amp#27;[37mPOST&amp#27;[39m &amp#27;[37m/wd/hub/session/aadbc8c1-dede-41e0-b8c8-04f692aad0b1/element/9/click&amp#27;[39m
&amp#27;[35m[HTTP]&amp#27;[39m &amp#27;[90m{"id":"9"}&amp#27;[39m
[debug] &amp#27;[35m[W3C (aadbc8c1)]&amp#27;[39m Calling AppiumDriver.click() with args: ["9","aadbc8c1-dede-41e0-b8c8-04f692aad0b1"]
[debug] &amp#27;[35m[AndroidBootstrap]&amp#27;[39m Sending command to android: {"cmd":"action","action":"element:click","params":{"elementId":"9"}}
[debug] &amp#27;[35m[AndroidBootstrap]&amp#27;[39m [BOOTSTRAP LOG] [debug] Got data from client: {"cmd":"action","action":"element:click","params":{"elementId":"9"}}
[debug] &amp#27;[35m[AndroidBootstrap]&amp#27;[39m [BOOTSTRAP LOG] [debug] Got command of type ACTION
[debug] &amp#27;[35m[AndroidBootstrap]&amp#27;[39m [BOOTSTRAP LOG] [debug] Got command action: click
[debug] &amp#27;[35m[AndroidBootstrap]&amp#27;[39m Received command result from bootstrap
[debug] &amp#27;[35m[AndroidBootstrap]&amp#27;[39m [BOOTSTRAP LOG] [debug] Returning result: {"status":0,"value":true}
[debug] &amp#27;[35m[W3C (aadbc8c1)]&amp#27;[39m Responding to client with driver.click() result: true
&amp#27;[35m[HTTP]&amp#27;[39m &amp#27;[37m<-- POST /wd/hub/session/aadbc8c1-dede-41e0-b8c8-04f692aad0b1/element/9/click &amp#27;[39m&amp#27;[32m200&amp#27;[39m &amp#27;[90m193 ms - 14&amp#27;[39m
&amp#27;[35m[HTTP]&amp#27;[39m &amp#27;[90m&amp#27;[39m
&amp#27;[35m[HTTP]&amp#27;[39m &amp#27;[37m-->&amp#27;[39m &amp#27;[37mGET&amp#27;[39m &amp#27;[37m/wd/hub/session/aadbc8c1-dede-41e0-b8c8-04f692aad0b1/context&amp#27;[39m
&amp#27;[35m[HTTP]&amp#27;[39m &amp#27;[90m{}&amp#27;[39m
[debug] &amp#27;[35m[W3C (aadbc8c1)]&amp#27;[39m Calling AppiumDriver.getCurrentContext() with args: ["aadbc8c1-dede-41e0-b8c8-04f692aad0b1"]
[debug] &amp#27;[35m[W3C (aadbc8c1)]&amp#27;[39m Responding to client with driver.getCurrentContext() result: "NATIVE_APP"
&amp#27;[35m[HTTP]&amp#27;[39m &amp#27;[37m<-- GET /wd/hub/session/aadbc8c1-dede-41e0-b8c8-04f692aad0b1/context &amp#27;[39m&amp#27;[32m200&amp#27;[39m &amp#27;[90m3 ms - 22&amp#27;[39m
&amp#27;[35m[HTTP]&amp#27;[39m &amp#27;[90m&amp#27;[39m
&amp#27;[35m[HTTP]&amp#27;[39m &amp#27;[37m-->&amp#27;[39m &amp#27;[37mPOST&amp#27;[39m &amp#27;[37m/wd/hub/session/aadbc8c1-dede-41e0-b8c8-04f692aad0b1/element&amp#27;[39m
&amp#27;[35m[HTTP]&amp#27;[39m &amp#27;[90m{"using":"id","value":"com.androidsample.generalstore:id/appbar_btn_cart"}&amp#27;[39m
[debug] &amp#27;[35m[W3C (aadbc8c1)]&amp#27;[39m Calling AppiumDriver.findElement() with args: ["id","com.androidsample.generalstore:id/appbar_btn_cart","aadbc8c1-dede-41e0-b8c8-04f692aad0b1"]
[debug] &amp#27;[35m[BaseDriver]&amp#27;[39m Valid locator strategies for this request: xpath, id, class name, accessibility id, -android uiautomator
[debug] &amp#27;[35m[BaseDriver]&amp#27;[39m Waiting up to 10000 ms for condition
[debug] &amp#27;[35m[AndroidBootstrap]&amp#27;[39m Sending command to android: {"cmd":"action","action":"find","params":{"strategy":"id","selector":"com.androidsample.generalstore:id/appbar_btn_cart","context":"","multiple":false}}
[debug] &amp#27;[35m[AndroidBootstrap]&amp#27;[39m [BOOTSTRAP LOG] [debug] Got data from client: {"cmd":"action","action":"find","params":{"strategy":"id","selector":"com.androidsample.generalstore:id/appbar_btn_cart","context":"","multiple":false}}
[debug] &amp#27;[35m[AndroidBootstrap]&amp#27;[39m [BOOTSTRAP LOG] [debug] Got command of type ACTION
[debug] &amp#27;[35m[AndroidBootstrap]&amp#27;[39m [BOOTSTRAP LOG] [debug] Got command action: find
[debug] &amp#27;[35m[AndroidBootstrap]&amp#27;[39m [BOOTSTRAP LOG] [debug] Finding 'com.androidsample.generalstore:id/appbar_btn_cart' using 'ID' with the contextId: '' multiple: false
[debug] &amp#27;[35m[AndroidBootstrap]&amp#27;[39m [BOOTSTRAP LOG] [debug] Using: UiSelector[INSTANCE=0, RESOURCE_ID=com.androidsample.generalstore:id/appbar_btn_cart]
[debug] &amp#27;[35m[AndroidBootstrap]&amp#27;[39m Received command result from bootstrap
[debug] &amp#27;[35m[W3C (aadbc8c1)]&amp#27;[39m Responding to client with driver.findElement() result: {"element-6066-11e4-a52e-4f735466cecf":"10","ELEMENT":"10"}
&amp#27;[35m[HTTP]&amp#27;[39m &amp#27;[37m<-- POST /wd/hub/session/aadbc8c1-dede-41e0-b8c8-04f692aad0b1/element &amp#27;[39m&amp#27;[32m200&amp#27;[39m &amp#27;[90m461 ms - 69&amp#27;[39m
&amp#27;[35m[HTTP]&amp#27;[39m &amp#27;[90m&amp#27;[39m
[debug] &amp#27;[35m[AndroidBootstrap]&amp#27;[39m [BOOTSTRAP LOG] [debug] Returning result: {"status":0,"value":{"ELEMENT":"10"}}
&amp#27;[35m[HTTP]&amp#27;[39m &amp#27;[37m-->&amp#27;[39m &amp#27;[37mPOST&amp#27;[39m &amp#27;[37m/wd/hub/session/aadbc8c1-dede-41e0-b8c8-04f692aad0b1/element/10/click&amp#27;[39m
&amp#27;[35m[HTTP]&amp#27;[39m &amp#27;[90m{"id":"10"}&amp#27;[39m
[debug] &amp#27;[35m[W3C (aadbc8c1)]&amp#27;[39m Calling AppiumDriver.click() with args: ["10","aadbc8c1-dede-41e0-b8c8-04f692aad0b1"]
[debug] &amp#27;[35m[AndroidBootstrap]&amp#27;[39m Sending command to android: {"cmd":"action","action":"element:click","params":{"elementId":"10"}}
[debug] &amp#27;[35m[AndroidBootstrap]&amp#27;[39m [BOOTSTRAP LOG] [debug] Got data from client: {"cmd":"action","action":"element:click","params":{"elementId":"10"}}
[debug] &amp#27;[35m[AndroidBootstrap]&amp#27;[39m [BOOTSTRAP LOG] [debug] Got command of type ACTION
[debug] &amp#27;[35m[AndroidBootstrap]&amp#27;[39m [BOOTSTRAP LOG] [debug] Got command action: click
[debug] &amp#27;[35m[AndroidBootstrap]&amp#27;[39m [BOOTSTRAP LOG] [debug] Returning result: {"status":0,"value":true}
[debug] &amp#27;[35m[AndroidBootstrap]&amp#27;[39m Received command result from bootstrap
[debug] &amp#27;[35m[W3C (aadbc8c1)]&amp#27;[39m Responding to client with driver.click() result: true
&amp#27;[35m[HTTP]&amp#27;[39m &amp#27;[37m<-- POST /wd/hub/session/aadbc8c1-dede-41e0-b8c8-04f692aad0b1/element/10/click &amp#27;[39m&amp#27;[32m200&amp#27;[39m &amp#27;[90m753 ms - 14&amp#27;[39m
&amp#27;[35m[HTTP]&amp#27;[39m &amp#27;[90m&amp#27;[39m
&amp#27;[35m[HTTP]&amp#27;[39m &amp#27;[37m-->&amp#27;[39m &amp#27;[37mGET&amp#27;[39m &amp#27;[37m/wd/hub/session/aadbc8c1-dede-41e0-b8c8-04f692aad0b1/context&amp#27;[39m
&amp#27;[35m[HTTP]&amp#27;[39m &amp#27;[90m{}&amp#27;[39m
[debug] &amp#27;[35m[W3C (aadbc8c1)]&amp#27;[39m Calling AppiumDriver.getCurrentContext() with args: ["aadbc8c1-dede-41e0-b8c8-04f692aad0b1"]
[debug] &amp#27;[35m[W3C (aadbc8c1)]&amp#27;[39m Responding to client with driver.getCurrentContext() result: "NATIVE_APP"
&amp#27;[35m[HTTP]&amp#27;[39m &amp#27;[37m<-- GET /wd/hub/session/aadbc8c1-dede-41e0-b8c8-04f692aad0b1/context &amp#27;[39m&amp#27;[32m200&amp#27;[39m &amp#27;[90m2 ms - 22&amp#27;[39m
&amp#27;[35m[HTTP]&amp#27;[39m &amp#27;[90m&amp#27;[39m
&amp#27;[35m[HTTP]&amp#27;[39m &amp#27;[37m-->&amp#27;[39m &amp#27;[37mPOST&amp#27;[39m &amp#27;[37m/wd/hub/session/aadbc8c1-dede-41e0-b8c8-04f692aad0b1/elements&amp#27;[39m
&amp#27;[35m[HTTP]&amp#27;[39m &amp#27;[90m{"using":"id","value":"com.androidsample.generalstore:id/productPrice"}&amp#27;[39m
[debug] &amp#27;[35m[W3C (aadbc8c1)]&amp#27;[39m Calling AppiumDriver.findElements() with args: ["id","com.androidsample.generalstore:id/productPrice","aadbc8c1-dede-41e0-b8c8-04f692aad0b1"]
[debug] &amp#27;[35m[BaseDriver]&amp#27;[39m Valid locator strategies for this request: xpath, id, class name, accessibility id, -android uiautomator
[debug] &amp#27;[35m[BaseDriver]&amp#27;[39m Waiting up to 10000 ms for condition
[debug] &amp#27;[35m[AndroidBootstrap]&amp#27;[39m Sending command to android: {"cmd":"action","action":"find","params":{"strategy":"id","selector":"com.androidsample.generalstore:id/productPrice","context":"","multiple":true}}
[debug] &amp#27;[35m[AndroidBootstrap]&amp#27;[39m [BOOTSTRAP LOG] [debug] Got data from client: {"cmd":"action","action":"find","params":{"strategy":"id","selector":"com.androidsample.generalstore:id/productPrice","context":"","multiple":true}}
[debug] &amp#27;[35m[AndroidBootstrap]&amp#27;[39m [BOOTSTRAP LOG] [debug] Got command of type ACTION
[debug] &amp#27;[35m[AndroidBootstrap]&amp#27;[39m [BOOTSTRAP LOG] [debug] Got command action: find
[debug] &amp#27;[35m[AndroidBootstrap]&amp#27;[39m [BOOTSTRAP LOG] [debug] Finding 'com.androidsample.generalstore:id/productPrice' using 'ID' with the contextId: '' multiple: true
[debug] &amp#27;[35m[AndroidBootstrap]&amp#27;[39m [BOOTSTRAP LOG] [debug] Using: UiSelector[RESOURCE_ID=com.androidsample.generalstore:id/productPrice]
[debug] &amp#27;[35m[AndroidBootstrap]&amp#27;[39m [BOOTSTRAP LOG] [debug] getElements selector:UiSelector[RESOURCE_ID=com.androidsample.generalstore:id/productPrice]
[debug] &amp#27;[35m[AndroidBootstrap]&amp#27;[39m [BOOTSTRAP LOG] [debug] Element[] is null: (0)
[debug] &amp#27;[35m[AndroidBootstrap]&amp#27;[39m [BOOTSTRAP LOG] [debug] getElements tmp selector:UiSelector[INSTANCE=0, RESOURCE_ID=com.androidsample.generalstore:id/productPrice]
[debug] &amp#27;[35m[AndroidBootstrap]&amp#27;[39m [BOOTSTRAP LOG] [debug] Element[] is null: (1)
[debug] &amp#27;[35m[AndroidBootstrap]&amp#27;[39m [BOOTSTRAP LOG] [debug] getElements tmp selector:UiSelector[INSTANCE=1, RESOURCE_ID=com.androidsample.generalstore:id/productPrice]
[debug] &amp#27;[35m[AndroidBootstrap]&amp#27;[39m [BOOTSTRAP LOG] [debug] Element[] is null: (2)
[debug] &amp#27;[35m[AndroidBootstrap]&amp#27;[39m [BOOTSTRAP LOG] [debug] getElements tmp selector:UiSelector[INSTANCE=2, RESOURCE_ID=com.androidsample.generalstore:id/productPrice]
[debug] &amp#27;[35m[AndroidBootstrap]&amp#27;[39m [BOOTSTRAP LOG] [debug] Returning result: {"status":0,"value":[{"ELEMENT":"11"},{"ELEMENT":"12"}]}
[debug] &amp#27;[35m[AndroidBootstrap]&amp#27;[39m Received command result from bootstrap
[debug] &amp#27;[35m[W3C (aadbc8c1)]&amp#27;[39m Responding to client with driver.findElements() result: [{"element-6066-11e4-a52e-4f735466cecf":"11","ELEMENT":"11"},{"element-6066-11e4-a52e-4f735466cecf":"12","ELEMENT":"12"}]
&amp#27;[35m[HTTP]&amp#27;[39m &amp#27;[37m<-- POST /wd/hub/session/aadbc8c1-dede-41e0-b8c8-04f692aad0b1/elements &amp#27;[39m&amp#27;[32m200&amp#27;[39m &amp#27;[90m142 ms - 131&amp#27;[39m
&amp#27;[35m[HTTP]&amp#27;[39m &amp#27;[90m&amp#27;[39m
&amp#27;[35m[HTTP]&amp#27;[39m &amp#27;[37m-->&amp#27;[39m &amp#27;[37mGET&amp#27;[39m &amp#27;[37m/wd/hub/session/aadbc8c1-dede-41e0-b8c8-04f692aad0b1/context&amp#27;[39m
&amp#27;[35m[HTTP]&amp#27;[39m &amp#27;[90m{}&amp#27;[39m
[debug] &amp#27;[35m[W3C (aadbc8c1)]&amp#27;[39m Calling AppiumDriver.getCurrentContext() with args: ["aadbc8c1-dede-41e0-b8c8-04f692aad0b1"]
[debug] &amp#27;[35m[W3C (aadbc8c1)]&amp#27;[39m Responding to client with driver.getCurrentContext() result: "NATIVE_APP"
&amp#27;[35m[HTTP]&amp#27;[39m &amp#27;[37m<-- GET /wd/hub/session/aadbc8c1-dede-41e0-b8c8-04f692aad0b1/context &amp#27;[39m&amp#27;[32m200&amp#27;[39m &amp#27;[90m2 ms - 22&amp#27;[39m
&amp#27;[35m[HTTP]&amp#27;[39m &amp#27;[90m&amp#27;[39m
&amp#27;[35m[HTTP]&amp#27;[39m &amp#27;[37m-->&amp#27;[39m &amp#27;[37mPOST&amp#27;[39m &amp#27;[37m/wd/hub/session/aadbc8c1-dede-41e0-b8c8-04f692aad0b1/elements&amp#27;[39m
&amp#27;[35m[HTTP]&amp#27;[39m &amp#27;[90m{"using":"id","value":"com.androidsample.generalstore:id/productPrice"}&amp#27;[39m
[debug] &amp#27;[35m[W3C (aadbc8c1)]&amp#27;[39m Calling AppiumDriver.findElements() with args: ["id","com.androidsample.generalstore:id/productPrice","aadbc8c1-dede-41e0-b8c8-04f692aad0b1"]
[debug] &amp#27;[35m[BaseDriver]&amp#27;[39m Valid locator strategies for this request: xpath, id, class name, accessibility id, -android uiautomator
[debug] &amp#27;[35m[BaseDriver]&amp#27;[39m Waiting up to 10000 ms for condition
[debug] &amp#27;[35m[AndroidBootstrap]&amp#27;[39m Sending command to android: {"cmd":"action","action":"find","params":{"strategy":"id","selector":"com.androidsample.generalstore:id/productPrice","context":"","multiple":true}}
[debug] &amp#27;[35m[AndroidBootstrap]&amp#27;[39m [BOOTSTRAP LOG] [debug] Got data from client: {"cmd":"action","action":"find","params":{"strategy":"id","selector":"com.androidsample.generalstore:id/productPrice","context":"","multiple":true}}
[debug] &amp#27;[35m[AndroidBootstrap]&amp#27;[39m [BOOTSTRAP LOG] [debug] Got command of type ACTION
[debug] &amp#27;[35m[AndroidBootstrap]&amp#27;[39m [BOOTSTRAP LOG] [debug] Got command action: find
[debug] &amp#27;[35m[AndroidBootstrap]&amp#27;[39m [BOOTSTRAP LOG] [debug] Finding 'com.androidsample.generalstore:id/productPrice' using 'ID' with the contextId: '' multiple: true
[debug] &amp#27;[35m[AndroidBootstrap]&amp#27;[39m [BOOTSTRAP LOG] [debug] Using: UiSelector[RESOURCE_ID=com.androidsample.generalstore:id/productPrice]
[debug] &amp#27;[35m[AndroidBootstrap]&amp#27;[39m [BOOTSTRAP LOG] [debug] getElements selector:UiSelector[RESOURCE_ID=com.androidsample.generalstore:id/productPrice]
[debug] &amp#27;[35m[AndroidBootstrap]&amp#27;[39m [BOOTSTRAP LOG] [debug] Element[] is null: (0)
[debug] &amp#27;[35m[AndroidBootstrap]&amp#27;[39m [BOOTSTRAP LOG] [debug] getElements tmp selector:UiSelector[INSTANCE=0, RESOURCE_ID=com.androidsample.generalstore:id/productPrice]
[debug] &amp#27;[35m[AndroidBootstrap]&amp#27;[39m [BOOTSTRAP LOG] [debug] Element[] is null: (1)
[debug] &amp#27;[35m[AndroidBootstrap]&amp#27;[39m [BOOTSTRAP LOG] [debug] getElements tmp selector:UiSelector[INSTANCE=1, RESOURCE_ID=com.androidsample.generalstore:id/productPrice]
[debug] &amp#27;[35m[AndroidBootstrap]&amp#27;[39m [BOOTSTRAP LOG] [debug] Element[] is null: (2)
[debug] &amp#27;[35m[AndroidBootstrap]&amp#27;[39m [BOOTSTRAP LOG] [debug] getElements tmp selector:UiSelector[INSTANCE=2, RESOURCE_ID=com.androidsample.generalstore:id/productPrice]
[debug] &amp#27;[35m[AndroidBootstrap]&amp#27;[39m [BOOTSTRAP LOG] [debug] Returning result: {"status":0,"value":[{"ELEMENT":"13"},{"ELEMENT":"14"}]}
[debug] &amp#27;[35m[AndroidBootstrap]&amp#27;[39m Received command result from bootstrap
[debug] &amp#27;[35m[W3C (aadbc8c1)]&amp#27;[39m Responding to client with driver.findElements() result: [{"element-6066-11e4-a52e-4f735466cecf":"13","ELEMENT":"13"},{"element-6066-11e4-a52e-4f735466cecf":"14","ELEMENT":"14"}]
&amp#27;[35m[HTTP]&amp#27;[39m &amp#27;[37m<-- POST /wd/hub/session/aadbc8c1-dede-41e0-b8c8-04f692aad0b1/elements &amp#27;[39m&amp#27;[32m200&amp#27;[39m &amp#27;[90m66 ms - 131&amp#27;[39m
&amp#27;[35m[HTTP]&amp#27;[39m &amp#27;[90m&amp#27;[39m
&amp#27;[35m[HTTP]&amp#27;[39m &amp#27;[37m-->&amp#27;[39m &amp#27;[37mGET&amp#27;[39m &amp#27;[37m/wd/hub/session/aadbc8c1-dede-41e0-b8c8-04f692aad0b1/element/13/text&amp#27;[39m
&amp#27;[35m[HTTP]&amp#27;[39m &amp#27;[90m{}&amp#27;[39m
[debug] &amp#27;[35m[W3C (aadbc8c1)]&amp#27;[39m Calling AppiumDriver.getText() with args: ["13","aadbc8c1-dede-41e0-b8c8-04f692aad0b1"]
[debug] &amp#27;[35m[AndroidBootstrap]&amp#27;[39m Sending command to android: {"cmd":"action","action":"element:getText","params":{"elementId":"13"}}
[debug] &amp#27;[35m[AndroidBootstrap]&amp#27;[39m [BOOTSTRAP LOG] [debug] Got data from client: {"cmd":"action","action":"element:getText","params":{"elementId":"13"}}
[debug] &amp#27;[35m[AndroidBootstrap]&amp#27;[39m [BOOTSTRAP LOG] [debug] Got command of type ACTION
[debug] &amp#27;[35m[AndroidBootstrap]&amp#27;[39m [BOOTSTRAP LOG] [debug] Got command action: getText
[debug] &amp#27;[35m[AndroidBootstrap]&amp#27;[39m Received command result from bootstrap
[debug] &amp#27;[35m[W3C (aadbc8c1)]&amp#27;[39m Responding to client with driver.getText() result: "$160.97"
&amp#27;[35m[HTTP]&amp#27;[39m &amp#27;[37m<-- GET /wd/hub/session/aadbc8c1-dede-41e0-b8c8-04f692aad0b1/element/13/text &amp#27;[39m&amp#27;[32m200&amp#27;[39m &amp#27;[90m32 ms - 19&amp#27;[39m
&amp#27;[35m[HTTP]&amp#27;[39m &amp#27;[90m&amp#27;[39m
[debug] &amp#27;[35m[AndroidBootstrap]&amp#27;[39m [BOOTSTRAP LOG] [debug] Returning result: {"status":0,"value":"$160.97"}
&amp#27;[35m[HTTP]&amp#27;[39m &amp#27;[37m-->&amp#27;[39m &amp#27;[37mGET&amp#27;[39m &amp#27;[37m/wd/hub/session/aadbc8c1-dede-41e0-b8c8-04f692aad0b1/context&amp#27;[39m
&amp#27;[35m[HTTP]&amp#27;[39m &amp#27;[90m{}&amp#27;[39m
[debug] &amp#27;[35m[W3C (aadbc8c1)]&amp#27;[39m Calling AppiumDriver.getCurrentContext() with args: ["aadbc8c1-dede-41e0-b8c8-04f692aad0b1"]
[debug] &amp#27;[35m[W3C (aadbc8c1)]&amp#27;[39m Responding to client with driver.getCurrentContext() result: "NATIVE_APP"
&amp#27;[35m[HTTP]&amp#27;[39m &amp#27;[37m<-- GET /wd/hub/session/aadbc8c1-dede-41e0-b8c8-04f692aad0b1/context &amp#27;[39m&amp#27;[32m200&amp#27;[39m &amp#27;[90m3 ms - 22&amp#27;[39m
&amp#27;[35m[HTTP]&amp#27;[39m &amp#27;[90m&amp#27;[39m
&amp#27;[35m[HTTP]&amp#27;[39m &amp#27;[37m-->&amp#27;[39m &amp#27;[37mPOST&amp#27;[39m &amp#27;[37m/wd/hub/session/aadbc8c1-dede-41e0-b8c8-04f692aad0b1/elements&amp#27;[39m
&amp#27;[35m[HTTP]&amp#27;[39m &amp#27;[90m{"using":"id","value":"com.androidsample.generalstore:id/productPrice"}&amp#27;[39m
[debug] &amp#27;[35m[W3C (aadbc8c1)]&amp#27;[39m Calling AppiumDriver.findElements() with args: ["id","com.androidsample.generalstore:id/productPrice","aadbc8c1-dede-41e0-b8c8-04f692aad0b1"]
[debug] &amp#27;[35m[BaseDriver]&amp#27;[39m Valid locator strategies for this request: xpath, id, class name, accessibility id, -android uiautomator
[debug] &amp#27;[35m[BaseDriver]&amp#27;[39m Waiting up to 10000 ms for condition
[debug] &amp#27;[35m[AndroidBootstrap]&amp#27;[39m Sending command to android: {"cmd":"action","action":"find","params":{"strategy":"id","selector":"com.androidsample.generalstore:id/productPrice","context":"","multiple":true}}
[debug] &amp#27;[35m[AndroidBootstrap]&amp#27;[39m [BOOTSTRAP LOG] [debug] Got data from client: {"cmd":"action","action":"find","params":{"strategy":"id","selector":"com.androidsample.generalstore:id/productPrice","context":"","multiple":true}}
[debug] &amp#27;[35m[AndroidBootstrap]&amp#27;[39m [BOOTSTRAP LOG] [debug] Got command of type ACTION
[debug] &amp#27;[35m[AndroidBootstrap]&amp#27;[39m [BOOTSTRAP LOG] [debug] Got command action: find
[debug] &amp#27;[35m[AndroidBootstrap]&amp#27;[39m [BOOTSTRAP LOG] [debug] Finding 'com.androidsample.generalstore:id/productPrice' using 'ID' with the contextId: '' multiple: true
[debug] &amp#27;[35m[AndroidBootstrap]&amp#27;[39m [BOOTSTRAP LOG] [debug] Using: UiSelector[RESOURCE_ID=com.androidsample.generalstore:id/productPrice]
[...]
[debug] &amp#27;[35m[AndroidBootstrap]&amp#27;[39m [BOOTSTRAP LOG] [debug] Returning result: {"status":0,"value":{"ELEMENT":"3"}}
[debug] &amp#27;[35m[W3C (dfdfc4b5)]&amp#27;[39m Responding to client with driver.findElement() result: {"element-6066-11e4-a52e-4f735466cecf":"3","ELEMENT":"3"}
&amp#27;[35m[HTTP]&amp#27;[39m &amp#27;[37m<-- POST /wd/hub/session/dfdfc4b5-e464-47e8-a08b-c69edf1f723b/element &amp#27;[39m&amp#27;[32m200&amp#27;[39m &amp#27;[90m1028 ms - 67&amp#27;[39m
&amp#27;[35m[HTTP]&amp#27;[39m &amp#27;[90m&amp#27;[39m
&amp#27;[35m[HTTP]&amp#27;[39m &amp#27;[37m-->&amp#27;[39m &amp#27;[37mPOST&amp#27;[39m &amp#27;[37m/wd/hub/session/dfdfc4b5-e464-47e8-a08b-c69edf1f723b/element/3/click&amp#27;[39m
&amp#27;[35m[HTTP]&amp#27;[39m &amp#27;[90m{"id":"3"}&amp#27;[39m
[debug] &amp#27;[35m[W3C (dfdfc4b5)]&amp#27;[39m Calling AppiumDriver.click() with args: ["3","dfdfc4b5-e464-47e8-a08b-c69edf1f723b"]
[debug] &amp#27;[35m[AndroidBootstrap]&amp#27;[39m Sending command to android: {"cmd":"action","action":"element:click","params":{"elementId":"3"}}
[debug] &amp#27;[35m[AndroidBootstrap]&amp#27;[39m [BOOTSTRAP LOG] [debug] Got data from client: {"cmd":"action","action":"element:click","params":{"elementId":"3"}}
[debug] &amp#27;[35m[AndroidBootstrap]&amp#27;[39m [BOOTSTRAP LOG] [debug] Got command of type ACTION
[debug] &amp#27;[35m[AndroidBootstrap]&amp#27;[39m [BOOTSTRAP LOG] [debug] Got command action: click
[debug] &amp#27;[35m[AndroidBootstrap]&amp#27;[39m [BOOTSTRAP LOG] [debug] Returning result: {"status":0,"value":true}
[debug] &amp#27;[35m[AndroidBootstrap]&amp#27;[39m Received command result from bootstrap
[debug] &amp#27;[35m[W3C (dfdfc4b5)]&amp#27;[39m Responding to client with driver.click() result: true
&amp#27;[35m[HTTP]&amp#27;[39m &amp#27;[37m<-- POST /wd/hub/session/dfdfc4b5-e464-47e8-a08b-c69edf1f723b/element/3/click &amp#27;[39m&amp#27;[32m200&amp#27;[39m &amp#27;[90m162 ms - 14&amp#27;[39m
&amp#27;[35m[HTTP]&amp#27;[39m &amp#27;[90m&amp#27;[39m
&amp#27;[35m[HTTP]&amp#27;[39m &amp#27;[37m-->&amp#27;[39m &amp#27;[37mPOST&amp#27;[39m &amp#27;[37m/wd/hub/session/dfdfc4b5-e464-47e8-a08b-c69edf1f723b/appium/device/hide_keyboard&amp#27;[39m
&amp#27;[35m[HTTP]&amp#27;[39m &amp#27;[90m{}&amp#27;[39m
[debug] &amp#27;[35m[W3C (dfdfc4b5)]&amp#27;[39m Calling AppiumDriver.hideKeyboard() with args: [null,null,null,null,"dfdfc4b5-e464-47e8-a08b-c69edf1f723b"]
[debug] &amp#27;[35m[ADB]&amp#27;[39m Running 'D:\Software\Android_sdk\platform-tools\adb.exe -P 5037 -s 3200f0fdb4e8753b shell dumpsys input_method'
&amp#27;[35m[AndroidDriver]&amp#27;[39m Keyboard has no UI; no closing necessary
[debug] &amp#27;[35m[W3C (dfdfc4b5)]&amp#27;[39m Responding to client with driver.hideKeyboard() result: null
&amp#27;[35m[HTTP]&amp#27;[39m &amp#27;[37m<-- POST /wd/hub/session/dfdfc4b5-e464-47e8-a08b-c69edf1f723b/appium/device/hide_keyboard &amp#27;[39m&amp#27;[32m200&amp#27;[39m &amp#27;[90m309 ms - 14&amp#27;[39m
&amp#27;[35m[HTTP]&amp#27;[39m &amp#27;[90m&amp#27;[39m
&amp#27;[35m[HTTP]&amp#27;[39m &amp#27;[37m-->&amp#27;[39m &amp#27;[37mGET&amp#27;[39m &amp#27;[37m/wd/hub/session/dfdfc4b5-e464-47e8-a08b-c69edf1f723b/context&amp#27;[39m
&amp#27;[35m[HTTP]&amp#27;[39m &amp#27;[90m{}&amp#27;[39m
[debug] &amp#27;[35m[W3C (dfdfc4b5)]&amp#27;[39m Calling AppiumDriver.getCurrentContext() with args: ["dfdfc4b5-e464-47e8-a08b-c69edf1f723b"]
[debug] &amp#27;[35m[W3C (dfdfc4b5)]&amp#27;[39m Responding to client with driver.getCurrentContext() result: "NATIVE_APP"
&amp#27;[35m[HTTP]&amp#27;[39m &amp#27;[37m<-- GET /wd/hub/session/dfdfc4b5-e464-47e8-a08b-c69edf1f723b/context &amp#27;[39m&amp#27;[32m200&amp#27;[39m &amp#27;[90m3 ms - 22&amp#27;[39m
&amp#27;[35m[HTTP]&amp#27;[39m &amp#27;[90m&amp#27;[39m
&amp#27;[35m[HTTP]&amp#27;[39m &amp#27;[37m-->&amp#27;[39m &amp#27;[37mPOST&amp#27;[39m &amp#27;[37m/wd/hub/session/dfdfc4b5-e464-47e8-a08b-c69edf1f723b/element&amp#27;[39m
&amp#27;[35m[HTTP]&amp#27;[39m &amp#27;[90m{"using":"xpath","value":"(//android.widget.RelativeLayout)[2]"}&amp#27;[39m
[debug] &amp#27;[35m[W3C (dfdfc4b5)]&amp#27;[39m Calling AppiumDriver.findElement() with args: ["xpath","(//android.widget.RelativeLayout)[2]","dfdfc4b5-e464-47e8-a08b-c69edf1f723b"]
[debug] &amp#27;[35m[BaseDriver]&amp#27;[39m Valid locator strategies for this request: xpath, id, class name, accessibility id, -android uiautomator
[debug] &amp#27;[35m[BaseDriver]&amp#27;[39m Waiting up to 10000 ms for condition
[debug] &amp#27;[35m[AndroidBootstrap]&amp#27;[39m Sending command to android: {"cmd":"action","action":"find","params":{"strategy":"xpath","selector":"(//android.widget.RelativeLayout)[2]","context":"","multiple":false}}
[debug] &amp#27;[35m[AndroidBootstrap]&amp#27;[39m [BOOTSTRAP LOG] [debug] Got data from client: {"cmd":"action","action":"find","params":{"strategy":"xpath","selector":"(//android.widget.RelativeLayout)[2]","context":"","multiple":false}}
[debug] &amp#27;[35m[AndroidBootstrap]&amp#27;[39m [BOOTSTRAP LOG] [debug] Got command of type ACTION
[debug] &amp#27;[35m[AndroidBootstrap]&amp#27;[39m [BOOTSTRAP LOG] [debug] Got command action: find
[debug] &amp#27;[35m[AndroidBootstrap]&amp#27;[39m [BOOTSTRAP LOG] [debug] Finding '(//android.widget.RelativeLayout)[2]' using 'XPATH' with the contextId: '' multiple: false
[debug] &amp#27;[35m[AndroidBootstrap]&amp#27;[39m [BOOTSTRAP LOG] [debug] Using: UiSelector[CLASS=android.widget.RelativeLayout, INSTANCE=1]
[debug] &amp#27;[35m[AndroidBootstrap]&amp#27;[39m [BOOTSTRAP LOG] [debug] Returning result: {"status":0,"value":{"ELEMENT":"4"}}
[debug] &amp#27;[35m[AndroidBootstrap]&amp#27;[39m Received command result from bootstrap
[debug] &amp#27;[35m[W3C (dfdfc4b5)]&amp#27;[39m Responding to client with driver.findElement() result: {"element-6066-11e4-a52e-4f735466cecf":"4","ELEMENT":"4"}
&amp#27;[35m[HTTP]&amp#27;[39m &amp#27;[37m<-- POST /wd/hub/session/dfdfc4b5-e464-47e8-a08b-c69edf1f723b/element &amp#27;[39m&amp#27;[32m200&amp#27;[39m &amp#27;[90m273 ms - 67&amp#27;[39m
&amp#27;[35m[HTTP]&amp#27;[39m &amp#27;[90m&amp#27;[39m
&amp#27;[35m[HTTP]&amp#27;[39m &amp#27;[37m-->&amp#27;[39m &amp#27;[37mPOST&amp#27;[39m &amp#27;[37m/wd/hub/session/dfdfc4b5-e464-47e8-a08b-c69edf1f723b/element/4/click&amp#27;[39m
&amp#27;[35m[HTTP]&amp#27;[39m &amp#27;[90m{"id":"4"}&amp#27;[39m
[debug] &amp#27;[35m[W3C (dfdfc4b5)]&amp#27;[39m Calling AppiumDriver.click() with args: ["4","dfdfc4b5-e464-47e8-a08b-c69edf1f723b"]
[debug] &amp#27;[35m[AndroidBootstrap]&amp#27;[39m Sending command to android: {"cmd":"action","action":"element:click","params":{"elementId":"4"}}
[debug] &amp#27;[35m[AndroidBootstrap]&amp#27;[39m [BOOTSTRAP LOG] [debug] Got data from client: {"cmd":"action","action":"element:click","params":{"elementId":"4"}}
[debug] &amp#27;[35m[AndroidBootstrap]&amp#27;[39m [BOOTSTRAP LOG] [debug] Got command of type ACTION
[debug] &amp#27;[35m[AndroidBootstrap]&amp#27;[39m [BOOTSTRAP LOG] [debug] Got command action: click
[debug] &amp#27;[35m[AndroidBootstrap]&amp#27;[39m [BOOTSTRAP LOG] [debug] Returning result: {"status":0,"value":true}
[debug] &amp#27;[35m[AndroidBootstrap]&amp#27;[39m Received command result from bootstrap
[debug] &amp#27;[35m[W3C (dfdfc4b5)]&amp#27;[39m Responding to client with driver.click() result: true
&amp#27;[35m[HTTP]&amp#27;[39m &amp#27;[37m<-- POST /wd/hub/session/dfdfc4b5-e464-47e8-a08b-c69edf1f723b/element/4/click &amp#27;[39m&amp#27;[32m200&amp#27;[39m &amp#27;[90m160 ms - 14&amp#27;[39m
&amp#27;[35m[HTTP]&amp#27;[39m &amp#27;[90m&amp#27;[39m
&amp#27;[35m[HTTP]&amp#27;[39m &amp#27;[37m-->&amp#27;[39m &amp#27;[37mPOST&amp#27;[39m &amp#27;[37m/wd/hub/session/dfdfc4b5-e464-47e8-a08b-c69edf1f723b/appium/device/hide_keyboard&amp#27;[39m
&amp#27;[35m[HTTP]&amp#27;[39m &amp#27;[90m{}&amp#27;[39m
[debug] &amp#27;[35m[W3C (dfdfc4b5)]&amp#27;[39m Calling AppiumDriver.hideKeyboard() with args: [null,null,null,null,"dfdfc4b5-e464-47e8-a08b-c69edf1f723b"]
[debug] &amp#27;[35m[ADB]&amp#27;[39m Running 'D:\Software\Android_sdk\platform-tools\adb.exe -P 5037 -s 3200f0fdb4e8753b shell dumpsys input_method'
&amp#27;[35m[AndroidDriver]&amp#27;[39m Keyboard has no UI; no closing necessary
[debug] &amp#27;[35m[W3C (dfdfc4b5)]&amp#27;[39m Responding to client with driver.hideKeyboard() result: null
&amp#27;[35m[HTTP]&amp#27;[39m &amp#27;[37m<-- POST /wd/hub/session/dfdfc4b5-e464-47e8-a08b-c69edf1f723b/appium/device/hide_keyboard &amp#27;[39m&amp#27;[32m200&amp#27;[39m &amp#27;[90m638 ms - 14&amp#27;[39m
&amp#27;[35m[HTTP]&amp#27;[39m &amp#27;[90m&amp#27;[39m
&amp#27;[35m[HTTP]&amp#27;[39m &amp#27;[37m-->&amp#27;[39m &amp#27;[37mGET&amp#27;[39m &amp#27;[37m/wd/hub/session/dfdfc4b5-e464-47e8-a08b-c69edf1f723b/context&amp#27;[39m
&amp#27;[35m[HTTP]&amp#27;[39m &amp#27;[90m{}&amp#27;[39m
[debug] &amp#27;[35m[W3C (dfdfc4b5)]&amp#27;[39m Calling AppiumDriver.getCurrentContext() with args: ["dfdfc4b5-e464-47e8-a08b-c69edf1f723b"]
[debug] &amp#27;[35m[W3C (dfdfc4b5)]&amp#27;[39m Responding to client with driver.getCurrentContext() result: "NATIVE_APP"
&amp#27;[35m[HTTP]&amp#27;[39m &amp#27;[37m<-- GET /wd/hub/session/dfdfc4b5-e464-47e8-a08b-c69edf1f723b/context &amp#27;[39m&amp#27;[32m200&amp#27;[39m &amp#27;[90m4 ms - 22&amp#27;[39m
&amp#27;[35m[HTTP]&amp#27;[39m &amp#27;[90m&amp#27;[39m
&amp#27;[35m[HTTP]&amp#27;[39m &amp#27;[37m-->&amp#27;[39m &amp#27;[37mPOST&amp#27;[39m &amp#27;[37m/wd/hub/session/dfdfc4b5-e464-47e8-a08b-c69edf1f723b/element&amp#27;[39m
&amp#27;[35m[HTTP]&amp#27;[39m &amp#27;[90m{"using":"class name","value":"android.widget.EditText"}&amp#27;[39m
[debug] &amp#27;[35m[W3C (dfdfc4b5)]&amp#27;[39m Calling AppiumDriver.findElement() with args: ["class name","android.widget.EditText","dfdfc4b5-e464-47e8-a08b-c69edf1f723b"]
[debug] &amp#27;[35m[BaseDriver]&amp#27;[39m Valid locator strategies for this request: xpath, id, class name, accessibility id, -android uiautomator
[debug] &amp#27;[35m[BaseDriver]&amp#27;[39m Waiting up to 10000 ms for condition
[debug] &amp#27;[35m[AndroidBootstrap]&amp#27;[39m Sending command to android: {"cmd":"action","action":"find","params":{"strategy":"class name","selector":"android.widget.EditText","context":"","multiple":false}}
[debug] &amp#27;[35m[AndroidBootstrap]&amp#27;[39m [BOOTSTRAP LOG] [debug] Got data from client: {"cmd":"action","action":"find","params":{"strategy":"class name","selector":"android.widget.EditText","context":"","multiple":false}}
[debug] &amp#27;[35m[AndroidBootstrap]&amp#27;[39m [BOOTSTRAP LOG] [debug] Got command of type ACTION
[debug] &amp#27;[35m[AndroidBootstrap]&amp#27;[39m [BOOTSTRAP LOG] [debug] Got command action: find
[debug] &amp#27;[35m[AndroidBootstrap]&amp#27;[39m [BOOTSTRAP LOG] [debug] Finding 'android.widget.EditText' using 'CLASS_NAME' with the contextId: '' multiple: false
[debug] &amp#27;[35m[AndroidBootstrap]&amp#27;[39m [BOOTSTRAP LOG] [debug] Using: UiSelector[CLASS=android.widget.EditText, INSTANCE=0]
[debug] &amp#27;[35m[AndroidBootstrap]&amp#27;[39m [BOOTSTRAP LOG] [debug] Returning result: {"status":0,"value":{"ELEMENT":"5"}}
[debug] &amp#27;[35m[AndroidBootstrap]&amp#27;[39m Received command result from bootstrap
[debug] &amp#27;[35m[W3C (dfdfc4b5)]&amp#27;[39m Responding to client with driver.findElement() result: {"element-6066-11e4-a52e-4f735466cecf":"5","ELEMENT":"5"}
&amp#27;[35m[HTTP]&amp#27;[39m &amp#27;[37m<-- POST /wd/hub/session/dfdfc4b5-e464-47e8-a08b-c69edf1f723b/element &amp#27;[39m&amp#27;[32m200&amp#27;[39m &amp#27;[90m289 ms - 67&amp#27;[39m
&amp#27;[35m[HTTP]&amp#27;[39m &amp#27;[90m&amp#27;[39m
&amp#27;[35m[HTTP]&amp#27;[39m &amp#27;[37m-->&amp#27;[39m &amp#27;[37mPOST&amp#27;[39m &amp#27;[37m/wd/hub/session/dfdfc4b5-e464-47e8-a08b-c69edf1f723b/element/5/value&amp#27;[39m
&amp#27;[35m[HTTP]&amp#27;[39m &amp#27;[90m{"id":"5","text":"@#$","value":["@","#","$"]}&amp#27;[39m
[debug] &amp#27;[35m[W3C (dfdfc4b5)]&amp#27;[39m Calling AppiumDriver.setValue() with args: [["@","#","$"],"5","dfdfc4b5-e464-47e8-a08b-c69edf1f723b"]
[debug] &amp#27;[35m[AndroidBootstrap]&amp#27;[39m Sending command to android: {"cmd":"action","action":"element:setText","params":{"elementId":"5","text":"@#$","replace":false}}
[debug] &amp#27;[35m[AndroidBootstrap]&amp#27;[39m [BOOTSTRAP LOG] [debug] Got data from client: {"cmd":"action","action":"element:setText","params":{"elementId":"5","text":"@#$","replace":false}}
[debug] &amp#27;[35m[AndroidBootstrap]&amp#27;[39m [BOOTSTRAP LOG] [debug] Got command of type ACTION
[debug] &amp#27;[35m[AndroidBootstrap]&amp#27;[39m [BOOTSTRAP LOG] [debug] Got command action: setText
[debug] &amp#27;[35m[AndroidBootstrap]&amp#27;[39m [BOOTSTRAP LOG] [debug] Using element passed in: 5
[debug] &amp#27;[35m[AndroidBootstrap]&amp#27;[39m [BOOTSTRAP LOG] [debug] Attempting to clear using UiObject.clearText().
[debug] &amp#27;[35m[AndroidBootstrap]&amp#27;[39m [BOOTSTRAP LOG] [debug] Sending plain text to element: @#$
[debug] &amp#27;[35m[AndroidBootstrap]&amp#27;[39m Received command result from bootstrap
[debug] &amp#27;[35m[AndroidBootstrap]&amp#27;[39m [BOOTSTRAP LOG] [debug] Returning result: {"status":0,"value":true}
[debug] &amp#27;[35m[W3C (dfdfc4b5)]&amp#27;[39m Responding to client with driver.setValue() result: true
&amp#27;[35m[HTTP]&amp#27;[39m &amp#27;[37m<-- POST /wd/hub/session/dfdfc4b5-e464-47e8-a08b-c69edf1f723b/element/5/value &amp#27;[39m&amp#27;[32m200&amp#27;[39m &amp#27;[90m6215 ms - 14&amp#27;[39m
&amp#27;[35m[HTTP]&amp#27;[39m &amp#27;[90m&amp#27;[39m
&amp#27;[35m[HTTP]&amp#27;[39m &amp#27;[37m-->&amp#27;[39m &amp#27;[37mGET&amp#27;[39m &amp#27;[37m/wd/hub/session/dfdfc4b5-e464-47e8-a08b-c69edf1f723b/context&amp#27;[39m
&amp#27;[35m[HTTP]&amp#27;[39m &amp#27;[90m{}&amp#27;[39m
[debug] &amp#27;[35m[W3C (dfdfc4b5)]&amp#27;[39m Calling AppiumDriver.getCurrentContext() with args: ["dfdfc4b5-e464-47e8-a08b-c69edf1f723b"]
[debug] &amp#27;[35m[W3C (dfdfc4b5)]&amp#27;[39m Responding to client with driver.getCurrentContext() result: "NATIVE_APP"
&amp#27;[35m[HTTP]&amp#27;[39m &amp#27;[37m<-- GET /wd/hub/session/dfdfc4b5-e464-47e8-a08b-c69edf1f723b/context &amp#27;[39m&amp#27;[32m200&amp#27;[39m &amp#27;[90m3 ms - 22&amp#27;[39m
&amp#27;[35m[HTTP]&amp#27;[39m &amp#27;[90m&amp#27;[39m
&amp#27;[35m[HTTP]&amp#27;[39m &amp#27;[37m-->&amp#27;[39m &amp#27;[37mPOST&amp#27;[39m &amp#27;[37m/wd/hub/session/dfdfc4b5-e464-47e8-a08b-c69edf1f723b/elements&amp#27;[39m
&amp#27;[35m[HTTP]&amp#27;[39m &amp#27;[90m{"using":"class name","value":"android.widget.Button"}&amp#27;[39m
[debug] &amp#27;[35m[W3C (dfdfc4b5)]&amp#27;[39m Calling AppiumDriver.findElements() with args: ["class name","android.widget.Button","dfdfc4b5-e464-47e8-a08b-c69edf1f723b"]
[debug] &amp#27;[35m[BaseDriver]&amp#27;[39m Valid locator strategies for this request: xpath, id, class name, accessibility id, -android uiautomator
[debug] &amp#27;[35m[BaseDriver]&amp#27;[39m Waiting up to 10000 ms for condition
[debug] &amp#27;[35m[AndroidBootstrap]&amp#27;[39m Sending command to android: {"cmd":"action","action":"find","params":{"strategy":"class name","selector":"android.widget.Button","context":"","multiple":true}}
[debug] &amp#27;[35m[AndroidBootstrap]&amp#27;[39m [BOOTSTRAP LOG] [debug] Got data from client: {"cmd":"action","action":"find","params":{"strategy":"class name","selector":"android.widget.Button","context":"","multiple":true}}
[debug] &amp#27;[35m[AndroidBootstrap]&amp#27;[39m [BOOTSTRAP LOG] [debug] Got command of type ACTION
[debug] &amp#27;[35m[AndroidBootstrap]&amp#27;[39m [BOOTSTRAP LOG] [debug] Got command action: find
[debug] &amp#27;[35m[AndroidBootstrap]&amp#27;[39m [BOOTSTRAP LOG] [debug] Finding 'android.widget.Button' using 'CLASS_NAME' with the contextId: '' multiple: true
[debug] &amp#27;[35m[AndroidBootstrap]&amp#27;[39m [BOOTSTRAP LOG] [debug] Using: UiSelector[CLASS=android.widget.Button]
[debug] &amp#27;[35m[AndroidBootstrap]&amp#27;[39m [BOOTSTRAP LOG] [debug] getElements selector:UiSelector[CLASS=android.widget.Button]
[debug] &amp#27;[35m[AndroidBootstrap]&amp#27;[39m [BOOTSTRAP LOG] [debug] Element[] is null: (0)
[debug] &amp#27;[35m[AndroidBootstrap]&amp#27;[39m [BOOTSTRAP LOG] [debug] getElements tmp selector:UiSelector[CLASS=android.widget.Button, INSTANCE=0]
[debug] &amp#27;[35m[AndroidBootstrap]&amp#27;[39m [BOOTSTRAP LOG] [debug] Element[] is null: (1)
[debug] &amp#27;[35m[AndroidBootstrap]&amp#27;[39m [BOOTSTRAP LOG] [debug] getElements tmp selector:UiSelector[CLASS=android.widget.Button, INSTANCE=1]
[debug] &amp#27;[35m[AndroidBootstrap]&amp#27;[39m [BOOTSTRAP LOG] [debug] Element[] is null: (2)
[debug] &amp#27;[35m[AndroidBootstrap]&amp#27;[39m [BOOTSTRAP LOG] [debug] getElements tmp selector:UiSelector[CLASS=android.widget.Button, INSTANCE=2]
[debug] &amp#27;[35m[AndroidBootstrap]&amp#27;[39m [BOOTSTRAP LOG] [debug] Returning result: {"status":0,"value":[{"ELEMENT":"6"},{"ELEMENT":"7"}]}
[debug] &amp#27;[35m[AndroidBootstrap]&amp#27;[39m Received command result from bootstrap
[debug] &amp#27;[35m[W3C (dfdfc4b5)]&amp#27;[39m Responding to client with driver.findElements() result: [{"element-6066-11e4-a52e-4f735466cecf":"6","ELEMENT":"6"},{"element-6066-11e4-a52e-4f735466cecf":"7","ELEMENT":"7"}]
&amp#27;[35m[HTTP]&amp#27;[39m &amp#27;[37m<-- POST /wd/hub/session/dfdfc4b5-e464-47e8-a08b-c69edf1f723b/elements &amp#27;[39m&amp#27;[32m200&amp#27;[39m &amp#27;[90m479 ms - 127&amp#27;[39m
&amp#27;[35m[HTTP]&amp#27;[39m &amp#27;[90m&amp#27;[39m
&amp#27;[35m[HTTP]&amp#27;[39m &amp#27;[37m-->&amp#27;[39m &amp#27;[37mPOST&amp#27;[39m &amp#27;[37m/wd/hub/session/dfdfc4b5-e464-47e8-a08b-c69edf1f723b/element/7/click&amp#27;[39m
&amp#27;[35m[HTTP]&amp#27;[39m &amp#27;[90m{"id":"7"}&amp#27;[39m
[debug] &amp#27;[35m[W3C (dfdfc4b5)]&amp#27;[39m Calling AppiumDriver.click() with args: ["7","dfdfc4b5-e464-47e8-a08b-c69edf1f723b"]
[debug] &amp#27;[35m[AndroidBootstrap]&amp#27;[39m Sending command to android: {"cmd":"action","action":"element:click","params":{"elementId":"7"}}
[debug] &amp#27;[35m[AndroidBootstrap]&amp#27;[39m [BOOTSTRAP LOG] [debug] Got data from client: {"cmd":"action","action":"element:click","params":{"elementId":"7"}}
[debug] &amp#27;[35m[AndroidBootstrap]&amp#27;[39m [BOOTSTRAP LOG] [debug] Got command of type ACTION
[debug] &amp#27;[35m[AndroidBootstrap]&amp#27;[39m [BOOTSTRAP LOG] [debug] Got command action: click
[debug] &amp#27;[35m[AndroidBootstrap]&amp#27;[39m [BOOTSTRAP LOG] [debug] Returning result: {"status":0,"value":true}
[debug] &amp#27;[35m[AndroidBootstrap]&amp#27;[39m Received command result from bootstrap
[debug] &amp#27;[35m[W3C (dfdfc4b5)]&amp#27;[39m Responding to client with driver.click() result: true
&amp#27;[35m[HTTP]&amp#27;[39m &amp#27;[37m<-- POST /wd/hub/session/dfdfc4b5-e464-47e8-a08b-c69edf1f723b/element/7/click &amp#27;[39m&amp#27;[32m200&amp#27;[39m &amp#27;[90m3157 ms - 14&amp#27;[39m
&amp#27;[35m[HTTP]&amp#27;[39m &amp#27;[90m&amp#27;[39m
&amp#27;[35m[HTTP]&amp#27;[39m &amp#27;[37m-->&amp#27;[39m &amp#27;[37mPOST&amp#27;[39m &amp#27;[37m/wd/hub/session/dfdfc4b5-e464-47e8-a08b-c69edf1f723b/appium/app/close&amp#27;[39m
&amp#27;[35m[HTTP]&amp#27;[39m &amp#27;[90m{}&amp#27;[39m
[debug] &amp#27;[35m[W3C (dfdfc4b5)]&amp#27;[39m Calling AppiumDriver.closeApp() with args: ["dfdfc4b5-e464-47e8-a08b-c69edf1f723b"]
[debug] &amp#27;[35m[ADB]&amp#27;[39m Running 'D:\Software\Android_sdk\platform-tools\adb.exe -P 5037 -s 3200f0fdb4e8753b shell am force-stop io.appium.android.apis'
[debug] &amp#27;[35m[W3C (dfdfc4b5)]&amp#27;[39m Responding to client with driver.closeApp() result: null
&amp#27;[35m[HTTP]&amp#27;[39m &amp#27;[37m<-- POST /wd/hub/session/dfdfc4b5-e464-47e8-a08b-c69edf1f723b/appium/app/close &amp#27;[39m&amp#27;[32m200&amp#27;[39m &amp#27;[90m210 ms - 14&amp#27;[39m
&amp#27;[35m[HTTP]&amp#27;[39m &amp#27;[90m&amp#27;[39m
]]></system-out>
    <system-err><![CDATA[Jul 05, 2020 2:36:33 PM io.appium.java_client.remote.AppiumCommandExecutor$1 lambda$0
INFO: Detected dialect: W3C
]]></system-err>
  </testcase>
</testsuite>