<?xml version="1.0" encoding="UTF-8"?>
<testng-results skipped="0" failed="0" ignored="0" total="3" passed="3">
  <reporter-output>
  </reporter-output>
  <suite name="Suite" duration-ms="164181" started-at="2020-07-04T11:26:25Z" finished-at="2020-07-04T11:29:10Z">
    <groups>
    </groups>
    <test name="Test" duration-ms="164181" started-at="2020-07-04T11:26:25Z" finished-at="2020-07-04T11:29:10Z">
      <class name="practice.AppiumFramework.ApiDemoTest">
        <test-method status="PASS" signature="apiDemoTest(java.lang.String)[pri:0, instance:practice.AppiumFramework.ApiDemoTest@731a74c]" name="apiDemoTest" duration-ms="53570" started-at="2020-07-04T11:27:24Z" data-provider="InputData" finished-at="2020-07-04T11:28:17Z">
          <params>
            <param index="0">
              <value>
                <![CDATA[Hello]]>
              </value>
            </param>
          </params>
          <reporter-output>
          </reporter-output>
        </test-method> <!-- apiDemoTest -->
        <test-method status="PASS" signature="apiDemoTest(java.lang.String)[pri:0, instance:practice.AppiumFramework.ApiDemoTest@731a74c]" name="apiDemoTest" duration-ms="52287" started-at="2020-07-04T11:28:17Z" data-provider="InputData" finished-at="2020-07-04T11:29:10Z">
          <params>
            <param index="0">
              <value>
                <![CDATA[@#$]]>
              </value>
            </param>
          </params>
          <reporter-output>
          </reporter-output>
        </test-method> <!-- apiDemoTest -->
      </class> <!-- practice.AppiumFramework.ApiDemoTest -->
      <class name="practice.AppiumFramework.EcommerceTC4_update">
        <test-method status="PASS" signature="killAllNodes()[pri:0, instance:practice.AppiumFramework.EcommerceTC4_update@4b4523f8]" name="killAllNodes" is-config="true" duration-ms="3037" started-at="2020-07-04T11:26:25Z" finished-at="2020-07-04T11:26:28Z">
          <reporter-output>
          </reporter-output>
        </test-method> <!-- killAllNodes -->
        <test-method status="PASS" signature="totalValidation()[pri:0, instance:practice.AppiumFramework.EcommerceTC4_update@4b4523f8]" name="totalValidation" duration-ms="55191" started-at="2020-07-04T11:26:28Z" finished-at="2020-07-04T11:27:24Z">
          <reporter-output>
          </reporter-output>
        </test-method> <!-- totalValidation -->
      </class> <!-- practice.AppiumFramework.EcommerceTC4_update -->
    </test> <!-- Test -->
  </suite> <!-- Suite -->
</testng-results>
